[2025-02-21T14:37:06.346+0000] {taskinstance.py:1083} INFO - Dependencies all met for <TaskInstance: listenbrainz_dynamic_pipeline_sequential.process_file.upsert manual__2025-02-21T14:37:01.493020+00:00 [queued]>
[2025-02-21T14:37:06.352+0000] {taskinstance.py:1083} INFO - Dependencies all met for <TaskInstance: listenbrainz_dynamic_pipeline_sequential.process_file.upsert manual__2025-02-21T14:37:01.493020+00:00 [queued]>
[2025-02-21T14:37:06.352+0000] {taskinstance.py:1279} INFO - 
--------------------------------------------------------------------------------
[2025-02-21T14:37:06.352+0000] {taskinstance.py:1280} INFO - Starting attempt 1 of 2
[2025-02-21T14:37:06.352+0000] {taskinstance.py:1281} INFO - 
--------------------------------------------------------------------------------
[2025-02-21T14:37:06.362+0000] {taskinstance.py:1300} INFO - Executing <Task(_PythonDecoratedOperator): process_file.upsert> on 2025-02-21 14:37:01.493020+00:00
[2025-02-21T14:37:06.367+0000] {standard_task_runner.py:55} INFO - Started process 1475 to run task
[2025-02-21T14:37:06.368+0000] {standard_task_runner.py:82} INFO - Running: ['***', 'tasks', 'run', 'listenbrainz_dynamic_pipeline_sequential', 'process_file.upsert', 'manual__2025-02-21T14:37:01.493020+00:00', '--job-id', '48', '--raw', '--subdir', 'DAGS_FOLDER/listenbrainz_dag.py', '--cfg-path', '/tmp/tmpyxu5m5bv']
[2025-02-21T14:37:06.369+0000] {standard_task_runner.py:83} INFO - Job 48: Subtask process_file.upsert
[2025-02-21T14:37:06.422+0000] {task_command.py:388} INFO - Running <TaskInstance: listenbrainz_dynamic_pipeline_sequential.process_file.upsert manual__2025-02-21T14:37:01.493020+00:00 [running]> on host 3c1a83f589ff
[2025-02-21T14:37:06.479+0000] {taskinstance.py:1509} INFO - Exporting the following env vars:
AIRFLOW_CTX_DAG_OWNER=***
AIRFLOW_CTX_DAG_ID=listenbrainz_dynamic_pipeline_sequential
AIRFLOW_CTX_TASK_ID=process_file.upsert
AIRFLOW_CTX_EXECUTION_DATE=2025-02-21T14:37:01.493020+00:00
AIRFLOW_CTX_TRY_NUMBER=1
AIRFLOW_CTX_DAG_RUN_ID=manual__2025-02-21T14:37:01.493020+00:00
[2025-02-21T14:37:06.772+0000] {unified_pipeline.py:220} INFO - Upserted dim_user and dim_track tables.
[2025-02-21T14:37:06.772+0000] {listenbrainz_dag.py:85} INFO - Upserted dimension tables.
[2025-02-21T14:37:06.772+0000] {python.py:177} INFO - Done. Returned value was: None
[2025-02-21T14:37:06.781+0000] {taskinstance.py:1323} INFO - Marking task as SUCCESS. dag_id=listenbrainz_dynamic_pipeline_sequential, task_id=process_file.upsert, execution_date=20250221T143701, start_date=20250221T143706, end_date=20250221T143706
[2025-02-21T14:37:06.821+0000] {local_task_job.py:208} INFO - Task exited with return code 0
[2025-02-21T14:37:06.847+0000] {taskinstance.py:2578} INFO - 1 downstream tasks scheduled from follow-on schedule check
