[2025-02-21T14:34:59.978+0000] {taskinstance.py:1083} INFO - Dependencies all met for <TaskInstance: listenbrainz_dynamic_pipeline_sequential.process_file__1.insert_fact manual__2025-02-21T14:34:02.964740+00:00 [queued]>
[2025-02-21T14:34:59.985+0000] {taskinstance.py:1083} INFO - Dependencies all met for <TaskInstance: listenbrainz_dynamic_pipeline_sequential.process_file__1.insert_fact manual__2025-02-21T14:34:02.964740+00:00 [queued]>
[2025-02-21T14:34:59.986+0000] {taskinstance.py:1279} INFO - 
--------------------------------------------------------------------------------
[2025-02-21T14:34:59.986+0000] {taskinstance.py:1280} INFO - Starting attempt 1 of 2
[2025-02-21T14:34:59.986+0000] {taskinstance.py:1281} INFO - 
--------------------------------------------------------------------------------
[2025-02-21T14:34:59.996+0000] {taskinstance.py:1300} INFO - Executing <Task(_PythonDecoratedOperator): process_file__1.insert_fact> on 2025-02-21 14:34:02.964740+00:00
[2025-02-21T14:35:00.000+0000] {standard_task_runner.py:55} INFO - Started process 1261 to run task
[2025-02-21T14:35:00.002+0000] {standard_task_runner.py:82} INFO - Running: ['***', 'tasks', 'run', 'listenbrainz_dynamic_pipeline_sequential', 'process_file__1.insert_fact', 'manual__2025-02-21T14:34:02.964740+00:00', '--job-id', '43', '--raw', '--subdir', 'DAGS_FOLDER/listenbrainz_dag.py', '--cfg-path', '/tmp/tmpkhgdqqvd']
[2025-02-21T14:35:00.003+0000] {standard_task_runner.py:83} INFO - Job 43: Subtask process_file__1.insert_fact
[2025-02-21T14:35:00.055+0000] {task_command.py:388} INFO - Running <TaskInstance: listenbrainz_dynamic_pipeline_sequential.process_file__1.insert_fact manual__2025-02-21T14:34:02.964740+00:00 [running]> on host 3c1a83f589ff
[2025-02-21T14:35:00.114+0000] {taskinstance.py:1509} INFO - Exporting the following env vars:
AIRFLOW_CTX_DAG_OWNER=***
AIRFLOW_CTX_DAG_ID=listenbrainz_dynamic_pipeline_sequential
AIRFLOW_CTX_TASK_ID=process_file__1.insert_fact
AIRFLOW_CTX_EXECUTION_DATE=2025-02-21T14:34:02.964740+00:00
AIRFLOW_CTX_TRY_NUMBER=1
AIRFLOW_CTX_DAG_RUN_ID=manual__2025-02-21T14:34:02.964740+00:00
[2025-02-21T14:35:00.492+0000] {unified_pipeline.py:268} INFO - Inserted new listens into fact_listen.
[2025-02-21T14:35:00.492+0000] {listenbrainz_dag.py:92} INFO - Inserted fact records.
[2025-02-21T14:35:00.492+0000] {python.py:177} INFO - Done. Returned value was: None
[2025-02-21T14:35:00.506+0000] {taskinstance.py:1323} INFO - Marking task as SUCCESS. dag_id=listenbrainz_dynamic_pipeline_sequential, task_id=process_file__1.insert_fact, execution_date=20250221T143402, start_date=20250221T143459, end_date=20250221T143500
[2025-02-21T14:35:00.535+0000] {local_task_job.py:208} INFO - Task exited with return code 0
[2025-02-21T14:35:00.550+0000] {taskinstance.py:2578} INFO - 0 downstream tasks scheduled from follow-on schedule check
