[2025-02-21T14:14:09.278+0000] {taskinstance.py:1083} INFO - Dependencies all met for <TaskInstance: listenbrainz_dynamic_pipeline.process_file.upsert manual__2025-02-21T14:11:48.903658+00:00 map_index=1 [queued]>
[2025-02-21T14:14:09.287+0000] {taskinstance.py:1083} INFO - Dependencies all met for <TaskInstance: listenbrainz_dynamic_pipeline.process_file.upsert manual__2025-02-21T14:11:48.903658+00:00 map_index=1 [queued]>
[2025-02-21T14:14:09.287+0000] {taskinstance.py:1279} INFO - 
--------------------------------------------------------------------------------
[2025-02-21T14:14:09.287+0000] {taskinstance.py:1280} INFO - Starting attempt 1 of 2
[2025-02-21T14:14:09.287+0000] {taskinstance.py:1281} INFO - 
--------------------------------------------------------------------------------
[2025-02-21T14:14:09.296+0000] {taskinstance.py:1300} INFO - Executing <Task(_PythonDecoratedOperator): process_file.upsert> on 2025-02-21 14:11:48.903658+00:00
[2025-02-21T14:14:09.300+0000] {standard_task_runner.py:55} INFO - Started process 1140 to run task
[2025-02-21T14:14:09.301+0000] {standard_task_runner.py:82} INFO - Running: ['***', 'tasks', 'run', 'listenbrainz_dynamic_pipeline', 'process_file.upsert', 'manual__2025-02-21T14:11:48.903658+00:00', '--job-id', '28', '--raw', '--subdir', 'DAGS_FOLDER/listenbrainz_dag.py', '--cfg-path', '/tmp/tmpfhc9wr7t', '--map-index', '1']
[2025-02-21T14:14:09.302+0000] {standard_task_runner.py:83} INFO - Job 28: Subtask process_file.upsert
[2025-02-21T14:14:09.354+0000] {task_command.py:388} INFO - Running <TaskInstance: listenbrainz_dynamic_pipeline.process_file.upsert manual__2025-02-21T14:11:48.903658+00:00 map_index=1 [running]> on host 5b6f74597018
[2025-02-21T14:14:09.413+0000] {taskinstance.py:1509} INFO - Exporting the following env vars:
AIRFLOW_CTX_DAG_OWNER=***
AIRFLOW_CTX_DAG_ID=listenbrainz_dynamic_pipeline
AIRFLOW_CTX_TASK_ID=process_file.upsert
AIRFLOW_CTX_EXECUTION_DATE=2025-02-21T14:11:48.903658+00:00
AIRFLOW_CTX_TRY_NUMBER=1
AIRFLOW_CTX_DAG_RUN_ID=manual__2025-02-21T14:11:48.903658+00:00
[2025-02-21T14:14:09.751+0000] {unified_pipeline.py:220} INFO - Upserted dim_user and dim_track tables.
[2025-02-21T14:14:09.751+0000] {listenbrainz_dag.py:104} INFO - Upserted dimension tables.
[2025-02-21T14:14:09.751+0000] {python.py:177} INFO - Done. Returned value was: None
[2025-02-21T14:14:09.762+0000] {taskinstance.py:1323} INFO - Marking task as SUCCESS. dag_id=listenbrainz_dynamic_pipeline, task_id=process_file.upsert, map_index=1, execution_date=20250221T141148, start_date=20250221T141409, end_date=20250221T141409
[2025-02-21T14:14:09.794+0000] {local_task_job.py:208} INFO - Task exited with return code 0
[2025-02-21T14:14:09.823+0000] {taskinstance.py:2578} INFO - 1 downstream tasks scheduled from follow-on schedule check
