[2025-02-21T13:57:33.953+0000] {taskinstance.py:1083} INFO - Dependencies all met for <TaskInstance: listenbrainz_dynamic_pipeline.list_new_files manual__2025-02-21T13:52:30.489409+00:00 [queued]>
[2025-02-21T13:57:33.960+0000] {taskinstance.py:1083} INFO - Dependencies all met for <TaskInstance: listenbrainz_dynamic_pipeline.list_new_files manual__2025-02-21T13:52:30.489409+00:00 [queued]>
[2025-02-21T13:57:33.960+0000] {taskinstance.py:1279} INFO - 
--------------------------------------------------------------------------------
[2025-02-21T13:57:33.960+0000] {taskinstance.py:1280} INFO - Starting attempt 1 of 2
[2025-02-21T13:57:33.960+0000] {taskinstance.py:1281} INFO - 
--------------------------------------------------------------------------------
[2025-02-21T13:57:33.971+0000] {taskinstance.py:1300} INFO - Executing <Task(_PythonDecoratedOperator): list_new_files> on 2025-02-21 13:52:30.489409+00:00
[2025-02-21T13:57:33.975+0000] {standard_task_runner.py:55} INFO - Started process 735 to run task
[2025-02-21T13:57:33.976+0000] {standard_task_runner.py:82} INFO - Running: ['***', 'tasks', 'run', 'listenbrainz_dynamic_pipeline', 'list_new_files', 'manual__2025-02-21T13:52:30.489409+00:00', '--job-id', '17', '--raw', '--subdir', 'DAGS_FOLDER/listenbrainz_dag.py', '--cfg-path', '/tmp/tmp3gnmsf8j']
[2025-02-21T13:57:33.977+0000] {standard_task_runner.py:83} INFO - Job 17: Subtask list_new_files
[2025-02-21T13:57:34.034+0000] {task_command.py:388} INFO - Running <TaskInstance: listenbrainz_dynamic_pipeline.list_new_files manual__2025-02-21T13:52:30.489409+00:00 [running]> on host 930207e07779
[2025-02-21T13:57:34.098+0000] {taskinstance.py:1509} INFO - Exporting the following env vars:
AIRFLOW_CTX_DAG_OWNER=***
AIRFLOW_CTX_DAG_ID=listenbrainz_dynamic_pipeline
AIRFLOW_CTX_TASK_ID=list_new_files
AIRFLOW_CTX_EXECUTION_DATE=2025-02-21T13:52:30.489409+00:00
AIRFLOW_CTX_TRY_NUMBER=1
AIRFLOW_CTX_DAG_RUN_ID=manual__2025-02-21T13:52:30.489409+00:00
[2025-02-21T13:57:34.099+0000] {listenbrainz_dag.py:48} INFO - Found JSON files: ['/data/raw/sample-data-2.json', '/data/raw/sample-data.json']
[2025-02-21T13:57:34.099+0000] {python.py:177} INFO - Done. Returned value was: ['/data/raw/sample-data-2.json', '/data/raw/sample-data.json']
[2025-02-21T13:57:34.128+0000] {taskinstance.py:1323} INFO - Marking task as SUCCESS. dag_id=listenbrainz_dynamic_pipeline, task_id=list_new_files, execution_date=20250221T135230, start_date=20250221T135733, end_date=20250221T135734
[2025-02-21T13:57:34.148+0000] {local_task_job.py:208} INFO - Task exited with return code 0
[2025-02-21T13:57:34.275+0000] {taskinstance.py:2578} INFO - 2 downstream tasks scheduled from follow-on schedule check
