[2025-02-21T14:37:03.460+0000] {taskinstance.py:1083} INFO - Dependencies all met for <TaskInstance: listenbrainz_dynamic_pipeline_sequential.process_file.parse manual__2025-02-21T14:37:01.493020+00:00 [queued]>
[2025-02-21T14:37:03.467+0000] {taskinstance.py:1083} INFO - Dependencies all met for <TaskInstance: listenbrainz_dynamic_pipeline_sequential.process_file.parse manual__2025-02-21T14:37:01.493020+00:00 [queued]>
[2025-02-21T14:37:03.467+0000] {taskinstance.py:1279} INFO - 
--------------------------------------------------------------------------------
[2025-02-21T14:37:03.467+0000] {taskinstance.py:1280} INFO - Starting attempt 1 of 2
[2025-02-21T14:37:03.467+0000] {taskinstance.py:1281} INFO - 
--------------------------------------------------------------------------------
[2025-02-21T14:37:03.477+0000] {taskinstance.py:1300} INFO - Executing <Task(_PythonDecoratedOperator): process_file.parse> on 2025-02-21 14:37:01.493020+00:00
[2025-02-21T14:37:03.481+0000] {standard_task_runner.py:55} INFO - Started process 1376 to run task
[2025-02-21T14:37:03.483+0000] {standard_task_runner.py:82} INFO - Running: ['***', 'tasks', 'run', 'listenbrainz_dynamic_pipeline_sequential', 'process_file.parse', 'manual__2025-02-21T14:37:01.493020+00:00', '--job-id', '45', '--raw', '--subdir', 'DAGS_FOLDER/listenbrainz_dag.py', '--cfg-path', '/tmp/tmptms0c37l']
[2025-02-21T14:37:03.484+0000] {standard_task_runner.py:83} INFO - Job 45: Subtask process_file.parse
[2025-02-21T14:37:03.538+0000] {task_command.py:388} INFO - Running <TaskInstance: listenbrainz_dynamic_pipeline_sequential.process_file.parse manual__2025-02-21T14:37:01.493020+00:00 [running]> on host 3c1a83f589ff
[2025-02-21T14:37:03.597+0000] {taskinstance.py:1509} INFO - Exporting the following env vars:
AIRFLOW_CTX_DAG_OWNER=***
AIRFLOW_CTX_DAG_ID=listenbrainz_dynamic_pipeline_sequential
AIRFLOW_CTX_TASK_ID=process_file.parse
AIRFLOW_CTX_EXECUTION_DATE=2025-02-21T14:37:01.493020+00:00
AIRFLOW_CTX_TRY_NUMBER=1
AIRFLOW_CTX_DAG_RUN_ID=manual__2025-02-21T14:37:01.493020+00:00
[2025-02-21T14:37:03.834+0000] {unified_pipeline.py:97} INFO - parse_json_to_csv done. Wrote 8 rows, skipped 0.
[2025-02-21T14:37:03.835+0000] {listenbrainz_dag.py:64} INFO - Parsed /data/raw/sample-data-2.json into /data/intermediate/sample-data-2.csv.
[2025-02-21T14:37:03.835+0000] {python.py:177} INFO - Done. Returned value was: None
[2025-02-21T14:37:03.845+0000] {taskinstance.py:1323} INFO - Marking task as SUCCESS. dag_id=listenbrainz_dynamic_pipeline_sequential, task_id=process_file.parse, execution_date=20250221T143701, start_date=20250221T143703, end_date=20250221T143703
[2025-02-21T14:37:03.895+0000] {local_task_job.py:208} INFO - Task exited with return code 0
[2025-02-21T14:37:03.922+0000] {taskinstance.py:2578} INFO - 1 downstream tasks scheduled from follow-on schedule check
