[2025-02-21T14:37:02.372+0000] {taskinstance.py:1083} INFO - Dependencies all met for <TaskInstance: listenbrainz_dynamic_pipeline_sequential.create_schema manual__2025-02-21T14:37:01.493020+00:00 [queued]>
[2025-02-21T14:37:02.379+0000] {taskinstance.py:1083} INFO - Dependencies all met for <TaskInstance: listenbrainz_dynamic_pipeline_sequential.create_schema manual__2025-02-21T14:37:01.493020+00:00 [queued]>
[2025-02-21T14:37:02.379+0000] {taskinstance.py:1279} INFO - 
--------------------------------------------------------------------------------
[2025-02-21T14:37:02.379+0000] {taskinstance.py:1280} INFO - Starting attempt 1 of 2
[2025-02-21T14:37:02.379+0000] {taskinstance.py:1281} INFO - 
--------------------------------------------------------------------------------
[2025-02-21T14:37:02.389+0000] {taskinstance.py:1300} INFO - Executing <Task(_PythonDecoratedOperator): create_schema> on 2025-02-21 14:37:01.493020+00:00
[2025-02-21T14:37:02.393+0000] {standard_task_runner.py:55} INFO - Started process 1329 to run task
[2025-02-21T14:37:02.395+0000] {standard_task_runner.py:82} INFO - Running: ['***', 'tasks', 'run', 'listenbrainz_dynamic_pipeline_sequential', 'create_schema', 'manual__2025-02-21T14:37:01.493020+00:00', '--job-id', '44', '--raw', '--subdir', 'DAGS_FOLDER/listenbrainz_dag.py', '--cfg-path', '/tmp/tmpl135t9c9']
[2025-02-21T14:37:02.396+0000] {standard_task_runner.py:83} INFO - Job 44: Subtask create_schema
[2025-02-21T14:37:02.450+0000] {task_command.py:388} INFO - Running <TaskInstance: listenbrainz_dynamic_pipeline_sequential.create_schema manual__2025-02-21T14:37:01.493020+00:00 [running]> on host 3c1a83f589ff
[2025-02-21T14:37:02.511+0000] {taskinstance.py:1509} INFO - Exporting the following env vars:
AIRFLOW_CTX_DAG_OWNER=***
AIRFLOW_CTX_DAG_ID=listenbrainz_dynamic_pipeline_sequential
AIRFLOW_CTX_TASK_ID=create_schema
AIRFLOW_CTX_EXECUTION_DATE=2025-02-21T14:37:01.493020+00:00
AIRFLOW_CTX_TRY_NUMBER=1
AIRFLOW_CTX_DAG_RUN_ID=manual__2025-02-21T14:37:01.493020+00:00
[2025-02-21T14:37:02.586+0000] {listenbrainz_dag.py:46} INFO - Schema created/ensured.
[2025-02-21T14:37:02.586+0000] {python.py:177} INFO - Done. Returned value was: None
[2025-02-21T14:37:02.596+0000] {taskinstance.py:1323} INFO - Marking task as SUCCESS. dag_id=listenbrainz_dynamic_pipeline_sequential, task_id=create_schema, execution_date=20250221T143701, start_date=20250221T143702, end_date=20250221T143702
[2025-02-21T14:37:02.647+0000] {local_task_job.py:208} INFO - Task exited with return code 0
[2025-02-21T14:37:02.674+0000] {taskinstance.py:2578} INFO - 1 downstream tasks scheduled from follow-on schedule check
