[2025-02-21T14:29:37.764+0000] {taskinstance.py:1083} INFO - Dependencies all met for <TaskInstance: listenbrainz_dynamic_pipeline_sequential.create_schema scheduled__2025-01-01T00:00:00+00:00 [queued]>
[2025-02-21T14:29:37.770+0000] {taskinstance.py:1083} INFO - Dependencies all met for <TaskInstance: listenbrainz_dynamic_pipeline_sequential.create_schema scheduled__2025-01-01T00:00:00+00:00 [queued]>
[2025-02-21T14:29:37.770+0000] {taskinstance.py:1279} INFO - 
--------------------------------------------------------------------------------
[2025-02-21T14:29:37.770+0000] {taskinstance.py:1280} INFO - Starting attempt 1 of 2
[2025-02-21T14:29:37.770+0000] {taskinstance.py:1281} INFO - 
--------------------------------------------------------------------------------
[2025-02-21T14:29:37.784+0000] {taskinstance.py:1300} INFO - Executing <Task(_PythonDecoratedOperator): create_schema> on 2025-01-01 00:00:00+00:00
[2025-02-21T14:29:37.792+0000] {standard_task_runner.py:55} INFO - Started process 186 to run task
[2025-02-21T14:29:37.794+0000] {standard_task_runner.py:82} INFO - Running: ['***', 'tasks', 'run', 'listenbrainz_dynamic_pipeline_sequential', 'create_schema', 'scheduled__2025-01-01T00:00:00+00:00', '--job-id', '17', '--raw', '--subdir', 'DAGS_FOLDER/listenbrainz_dag.py', '--cfg-path', '/tmp/tmpteym5w44']
[2025-02-21T14:29:37.799+0000] {standard_task_runner.py:83} INFO - Job 17: Subtask create_schema
[2025-02-21T14:29:37.894+0000] {task_command.py:388} INFO - Running <TaskInstance: listenbrainz_dynamic_pipeline_sequential.create_schema scheduled__2025-01-01T00:00:00+00:00 [running]> on host 3c1a83f589ff
[2025-02-21T14:29:37.955+0000] {taskinstance.py:1509} INFO - Exporting the following env vars:
AIRFLOW_CTX_DAG_OWNER=***
AIRFLOW_CTX_DAG_ID=listenbrainz_dynamic_pipeline_sequential
AIRFLOW_CTX_TASK_ID=create_schema
AIRFLOW_CTX_EXECUTION_DATE=2025-01-01T00:00:00+00:00
AIRFLOW_CTX_TRY_NUMBER=1
AIRFLOW_CTX_DAG_RUN_ID=scheduled__2025-01-01T00:00:00+00:00
[2025-02-21T14:29:38.063+0000] {listenbrainz_dag.py:46} INFO - Schema created/ensured.
[2025-02-21T14:29:38.064+0000] {python.py:177} INFO - Done. Returned value was: None
[2025-02-21T14:29:38.073+0000] {taskinstance.py:1323} INFO - Marking task as SUCCESS. dag_id=listenbrainz_dynamic_pipeline_sequential, task_id=create_schema, execution_date=20250101T000000, start_date=20250221T142937, end_date=20250221T142938
[2025-02-21T14:29:38.126+0000] {local_task_job.py:208} INFO - Task exited with return code 0
[2025-02-21T14:29:38.154+0000] {taskinstance.py:2578} INFO - 1 downstream tasks scheduled from follow-on schedule check
[2025-02-21T15:02:51.686+0000] {taskinstance.py:1083} INFO - Dependencies all met for <TaskInstance: listenbrainz_dynamic_pipeline_sequential.create_schema scheduled__2025-01-01T00:00:00+00:00 [queued]>
[2025-02-21T15:02:51.692+0000] {taskinstance.py:1083} INFO - Dependencies all met for <TaskInstance: listenbrainz_dynamic_pipeline_sequential.create_schema scheduled__2025-01-01T00:00:00+00:00 [queued]>
[2025-02-21T15:02:51.692+0000] {taskinstance.py:1279} INFO - 
--------------------------------------------------------------------------------
[2025-02-21T15:02:51.692+0000] {taskinstance.py:1280} INFO - Starting attempt 1 of 2
[2025-02-21T15:02:51.693+0000] {taskinstance.py:1281} INFO - 
--------------------------------------------------------------------------------
[2025-02-21T15:02:51.702+0000] {taskinstance.py:1300} INFO - Executing <Task(_PythonDecoratedOperator): create_schema> on 2025-01-01 00:00:00+00:00
[2025-02-21T15:02:51.705+0000] {standard_task_runner.py:55} INFO - Started process 186 to run task
[2025-02-21T15:02:51.707+0000] {standard_task_runner.py:82} INFO - Running: ['***', 'tasks', 'run', 'listenbrainz_dynamic_pipeline_sequential', 'create_schema', 'scheduled__2025-01-01T00:00:00+00:00', '--job-id', '3', '--raw', '--subdir', 'DAGS_FOLDER/listenbrainz_dag.py', '--cfg-path', '/tmp/tmpf9qb11av']
[2025-02-21T15:02:51.708+0000] {standard_task_runner.py:83} INFO - Job 3: Subtask create_schema
[2025-02-21T15:02:51.769+0000] {task_command.py:388} INFO - Running <TaskInstance: listenbrainz_dynamic_pipeline_sequential.create_schema scheduled__2025-01-01T00:00:00+00:00 [running]> on host ff359ba06bf1
[2025-02-21T15:02:51.836+0000] {taskinstance.py:1509} INFO - Exporting the following env vars:
AIRFLOW_CTX_DAG_OWNER=***
AIRFLOW_CTX_DAG_ID=listenbrainz_dynamic_pipeline_sequential
AIRFLOW_CTX_TASK_ID=create_schema
AIRFLOW_CTX_EXECUTION_DATE=2025-01-01T00:00:00+00:00
AIRFLOW_CTX_TRY_NUMBER=1
AIRFLOW_CTX_DAG_RUN_ID=scheduled__2025-01-01T00:00:00+00:00
[2025-02-21T15:02:51.917+0000] {listenbrainz_dag.py:46} INFO - Schema created/ensured.
[2025-02-21T15:02:51.917+0000] {python.py:177} INFO - Done. Returned value was: None
[2025-02-21T15:02:51.928+0000] {taskinstance.py:1323} INFO - Marking task as SUCCESS. dag_id=listenbrainz_dynamic_pipeline_sequential, task_id=create_schema, execution_date=20250101T000000, start_date=20250221T150251, end_date=20250221T150251
[2025-02-21T15:02:51.959+0000] {local_task_job.py:208} INFO - Task exited with return code 0
[2025-02-21T15:02:51.976+0000] {taskinstance.py:2578} INFO - 0 downstream tasks scheduled from follow-on schedule check
