[2025-02-21T14:25:17.906+0000] {taskinstance.py:1083} INFO - Dependencies all met for <TaskInstance: listenbrainz_dynamic_pipeline.create_schema manual__2025-02-21T14:25:16.936249+00:00 [queued]>
[2025-02-21T14:25:17.912+0000] {taskinstance.py:1083} INFO - Dependencies all met for <TaskInstance: listenbrainz_dynamic_pipeline.create_schema manual__2025-02-21T14:25:16.936249+00:00 [queued]>
[2025-02-21T14:25:17.912+0000] {taskinstance.py:1279} INFO - 
--------------------------------------------------------------------------------
[2025-02-21T14:25:17.912+0000] {taskinstance.py:1280} INFO - Starting attempt 1 of 2
[2025-02-21T14:25:17.913+0000] {taskinstance.py:1281} INFO - 
--------------------------------------------------------------------------------
[2025-02-21T14:25:17.924+0000] {taskinstance.py:1300} INFO - Executing <Task(_PythonDecoratedOperator): create_schema> on 2025-02-21 14:25:16.936249+00:00
[2025-02-21T14:25:17.927+0000] {standard_task_runner.py:55} INFO - Started process 276 to run task
[2025-02-21T14:25:17.929+0000] {standard_task_runner.py:82} INFO - Running: ['***', 'tasks', 'run', 'listenbrainz_dynamic_pipeline', 'create_schema', 'manual__2025-02-21T14:25:16.936249+00:00', '--job-id', '6', '--raw', '--subdir', 'DAGS_FOLDER/listenbrainz_dag.py', '--cfg-path', '/tmp/tmpq_ucdf41']
[2025-02-21T14:25:17.931+0000] {standard_task_runner.py:83} INFO - Job 6: Subtask create_schema
[2025-02-21T14:25:17.984+0000] {task_command.py:388} INFO - Running <TaskInstance: listenbrainz_dynamic_pipeline.create_schema manual__2025-02-21T14:25:16.936249+00:00 [running]> on host 67bebaff4560
[2025-02-21T14:25:18.044+0000] {taskinstance.py:1509} INFO - Exporting the following env vars:
AIRFLOW_CTX_DAG_OWNER=***
AIRFLOW_CTX_DAG_ID=listenbrainz_dynamic_pipeline
AIRFLOW_CTX_TASK_ID=create_schema
AIRFLOW_CTX_EXECUTION_DATE=2025-02-21T14:25:16.936249+00:00
AIRFLOW_CTX_TRY_NUMBER=1
AIRFLOW_CTX_DAG_RUN_ID=manual__2025-02-21T14:25:16.936249+00:00
[2025-02-21T14:25:18.116+0000] {listenbrainz_dag.py:58} INFO - Schema created/ensured.
[2025-02-21T14:25:18.116+0000] {python.py:177} INFO - Done. Returned value was: None
[2025-02-21T14:25:18.127+0000] {taskinstance.py:1323} INFO - Marking task as SUCCESS. dag_id=listenbrainz_dynamic_pipeline, task_id=create_schema, execution_date=20250221T142516, start_date=20250221T142517, end_date=20250221T142518
[2025-02-21T14:25:18.141+0000] {local_task_job.py:208} INFO - Task exited with return code 0
[2025-02-21T14:25:18.175+0000] {taskinstance.py:2578} INFO - 1 downstream tasks scheduled from follow-on schedule check
