[2025-02-21T00:13:46.323+0000] {taskinstance.py:1083} INFO - Dependencies all met for <TaskInstance: listenbrainz_pipeline_duckdb.load_csv manual__2025-02-21T00:13:34.043637+00:00 [queued]>
[2025-02-21T00:13:46.335+0000] {taskinstance.py:1083} INFO - Dependencies all met for <TaskInstance: listenbrainz_pipeline_duckdb.load_csv manual__2025-02-21T00:13:34.043637+00:00 [queued]>
[2025-02-21T00:13:46.335+0000] {taskinstance.py:1279} INFO - 
--------------------------------------------------------------------------------
[2025-02-21T00:13:46.335+0000] {taskinstance.py:1280} INFO - Starting attempt 1 of 2
[2025-02-21T00:13:46.335+0000] {taskinstance.py:1281} INFO - 
--------------------------------------------------------------------------------
[2025-02-21T00:13:46.352+0000] {taskinstance.py:1300} INFO - Executing <Task(PythonOperator): load_csv> on 2025-02-21 00:13:34.043637+00:00
[2025-02-21T00:13:46.358+0000] {standard_task_runner.py:55} INFO - Started process 244 to run task
[2025-02-21T00:13:46.361+0000] {standard_task_runner.py:82} INFO - Running: ['***', 'tasks', 'run', 'listenbrainz_pipeline_duckdb', 'load_csv', 'manual__2025-02-21T00:13:34.043637+00:00', '--job-id', '5', '--raw', '--subdir', 'DAGS_FOLDER/listenbrainz_dag.py', '--cfg-path', '/tmp/tmp7pt1ot95']
[2025-02-21T00:13:46.363+0000] {standard_task_runner.py:83} INFO - Job 5: Subtask load_csv
[2025-02-21T00:13:46.454+0000] {task_command.py:388} INFO - Running <TaskInstance: listenbrainz_pipeline_duckdb.load_csv manual__2025-02-21T00:13:34.043637+00:00 [running]> on host 2f3c21c21995
[2025-02-21T00:13:46.548+0000] {taskinstance.py:1509} INFO - Exporting the following env vars:
AIRFLOW_CTX_DAG_OWNER=***
AIRFLOW_CTX_DAG_ID=listenbrainz_pipeline_duckdb
AIRFLOW_CTX_TASK_ID=load_csv
AIRFLOW_CTX_EXECUTION_DATE=2025-02-21T00:13:34.043637+00:00
AIRFLOW_CTX_TRY_NUMBER=1
AIRFLOW_CTX_DAG_RUN_ID=manual__2025-02-21T00:13:34.043637+00:00
[2025-02-21T00:13:46.958+0000] {logging_mixin.py:137} WARNING - /home/***/.local/lib/python3.7/site-packages/pandas/io/sql.py:1809 SAWarning: Did not recognize type 'varchar' of column 'user_id'
[2025-02-21T00:13:46.959+0000] {logging_mixin.py:137} WARNING - /home/***/.local/lib/python3.7/site-packages/pandas/io/sql.py:1809 SAWarning: Did not recognize type 'varchar' of column 'track_id'
[2025-02-21T00:13:46.959+0000] {logging_mixin.py:137} WARNING - /home/***/.local/lib/python3.7/site-packages/pandas/io/sql.py:1809 SAWarning: Did not recognize type 'varchar' of column 'track_name'
[2025-02-21T00:13:46.960+0000] {logging_mixin.py:137} WARNING - /home/***/.local/lib/python3.7/site-packages/pandas/io/sql.py:1809 SAWarning: Did not recognize type 'varchar' of column 'artist_name'
[2025-02-21T00:13:46.978+0000] {logging_mixin.py:137} WARNING - /home/***/.local/lib/python3.7/site-packages/duckdb_engine/__init__.py:183 DuckDBEngineWarning: duckdb-engine doesn't yet support reflection on indices
[2025-02-21T00:13:56.589+0000] {unified_pipeline.py:102} INFO - Chunk 1: inserted 50000 rows into stg_listens, total 50000.
[2025-02-21T00:14:06.555+0000] {unified_pipeline.py:102} INFO - Chunk 2: inserted 50000 rows into stg_listens, total 100000.
[2025-02-21T00:14:16.271+0000] {unified_pipeline.py:102} INFO - Chunk 3: inserted 50000 rows into stg_listens, total 150000.
[2025-02-21T00:14:26.611+0000] {unified_pipeline.py:102} INFO - Chunk 4: inserted 50000 rows into stg_listens, total 200000.
[2025-02-21T00:14:37.311+0000] {unified_pipeline.py:102} INFO - Chunk 5: inserted 50000 rows into stg_listens, total 250000.
[2025-02-21T00:14:47.931+0000] {unified_pipeline.py:102} INFO - Chunk 6: inserted 50000 rows into stg_listens, total 300000.
[2025-02-21T00:14:54.927+0000] {unified_pipeline.py:102} INFO - Chunk 7: inserted 33034 rows into stg_listens, total 333034.
[2025-02-21T00:14:54.927+0000] {unified_pipeline.py:104} INFO - All chunks inserted into stg_listens. Total 333034 rows.
[2025-02-21T00:14:54.928+0000] {python.py:177} INFO - Done. Returned value was: None
[2025-02-21T00:14:54.944+0000] {taskinstance.py:1323} INFO - Marking task as SUCCESS. dag_id=listenbrainz_pipeline_duckdb, task_id=load_csv, execution_date=20250221T001334, start_date=20250221T001346, end_date=20250221T001454
[2025-02-21T00:14:54.987+0000] {local_task_job.py:208} INFO - Task exited with return code 0
[2025-02-21T00:14:55.068+0000] {taskinstance.py:2578} INFO - 1 downstream tasks scheduled from follow-on schedule check
