[2025-02-21T14:37:08.527+0000] {taskinstance.py:1083} INFO - Dependencies all met for <TaskInstance: listenbrainz_dynamic_pipeline_sequential.process_file__1.parse manual__2025-02-21T14:37:01.493020+00:00 [queued]>
[2025-02-21T14:37:08.533+0000] {taskinstance.py:1083} INFO - Dependencies all met for <TaskInstance: listenbrainz_dynamic_pipeline_sequential.process_file__1.parse manual__2025-02-21T14:37:01.493020+00:00 [queued]>
[2025-02-21T14:37:08.533+0000] {taskinstance.py:1279} INFO - 
--------------------------------------------------------------------------------
[2025-02-21T14:37:08.533+0000] {taskinstance.py:1280} INFO - Starting attempt 1 of 2
[2025-02-21T14:37:08.534+0000] {taskinstance.py:1281} INFO - 
--------------------------------------------------------------------------------
[2025-02-21T14:37:08.543+0000] {taskinstance.py:1300} INFO - Executing <Task(_PythonDecoratedOperator): process_file__1.parse> on 2025-02-21 14:37:01.493020+00:00
[2025-02-21T14:37:08.546+0000] {standard_task_runner.py:55} INFO - Started process 1571 to run task
[2025-02-21T14:37:08.548+0000] {standard_task_runner.py:82} INFO - Running: ['***', 'tasks', 'run', 'listenbrainz_dynamic_pipeline_sequential', 'process_file__1.parse', 'manual__2025-02-21T14:37:01.493020+00:00', '--job-id', '50', '--raw', '--subdir', 'DAGS_FOLDER/listenbrainz_dag.py', '--cfg-path', '/tmp/tmpe947r2lr']
[2025-02-21T14:37:08.549+0000] {standard_task_runner.py:83} INFO - Job 50: Subtask process_file__1.parse
[2025-02-21T14:37:08.600+0000] {task_command.py:388} INFO - Running <TaskInstance: listenbrainz_dynamic_pipeline_sequential.process_file__1.parse manual__2025-02-21T14:37:01.493020+00:00 [running]> on host 3c1a83f589ff
[2025-02-21T14:37:08.658+0000] {taskinstance.py:1509} INFO - Exporting the following env vars:
AIRFLOW_CTX_DAG_OWNER=***
AIRFLOW_CTX_DAG_ID=listenbrainz_dynamic_pipeline_sequential
AIRFLOW_CTX_TASK_ID=process_file__1.parse
AIRFLOW_CTX_EXECUTION_DATE=2025-02-21T14:37:01.493020+00:00
AIRFLOW_CTX_TRY_NUMBER=1
AIRFLOW_CTX_DAG_RUN_ID=manual__2025-02-21T14:37:01.493020+00:00
[2025-02-21T14:37:14.029+0000] {unified_pipeline.py:97} INFO - parse_json_to_csv done. Wrote 333034 rows, skipped 0.
[2025-02-21T14:37:14.029+0000] {listenbrainz_dag.py:64} INFO - Parsed /data/raw/sample-data.json into /data/intermediate/sample-data.csv.
[2025-02-21T14:37:14.029+0000] {python.py:177} INFO - Done. Returned value was: None
[2025-02-21T14:37:14.040+0000] {taskinstance.py:1323} INFO - Marking task as SUCCESS. dag_id=listenbrainz_dynamic_pipeline_sequential, task_id=process_file__1.parse, execution_date=20250221T143701, start_date=20250221T143708, end_date=20250221T143714
[2025-02-21T14:37:14.091+0000] {local_task_job.py:208} INFO - Task exited with return code 0
[2025-02-21T14:37:14.115+0000] {taskinstance.py:2578} INFO - 1 downstream tasks scheduled from follow-on schedule check
