[2025-02-21T14:14:03.559+0000] {taskinstance.py:1083} INFO - Dependencies all met for <TaskInstance: listenbrainz_dynamic_pipeline.process_file.dedup manual__2025-02-21T14:11:48.903658+00:00 map_index=0 [queued]>
[2025-02-21T14:14:03.568+0000] {taskinstance.py:1083} INFO - Dependencies all met for <TaskInstance: listenbrainz_dynamic_pipeline.process_file.dedup manual__2025-02-21T14:11:48.903658+00:00 map_index=0 [queued]>
[2025-02-21T14:14:03.569+0000] {taskinstance.py:1279} INFO - 
--------------------------------------------------------------------------------
[2025-02-21T14:14:03.569+0000] {taskinstance.py:1280} INFO - Starting attempt 1 of 2
[2025-02-21T14:14:03.569+0000] {taskinstance.py:1281} INFO - 
--------------------------------------------------------------------------------
[2025-02-21T14:14:03.581+0000] {taskinstance.py:1300} INFO - Executing <Task(_PythonDecoratedOperator): process_file.dedup> on 2025-02-21 14:11:48.903658+00:00
[2025-02-21T14:14:03.585+0000] {standard_task_runner.py:55} INFO - Started process 948 to run task
[2025-02-21T14:14:03.586+0000] {standard_task_runner.py:82} INFO - Running: ['***', 'tasks', 'run', 'listenbrainz_dynamic_pipeline', 'process_file.dedup', 'manual__2025-02-21T14:11:48.903658+00:00', '--job-id', '24', '--raw', '--subdir', 'DAGS_FOLDER/listenbrainz_dag.py', '--cfg-path', '/tmp/tmpria9dxuk', '--map-index', '0']
[2025-02-21T14:14:03.587+0000] {standard_task_runner.py:83} INFO - Job 24: Subtask process_file.dedup
[2025-02-21T14:14:03.646+0000] {task_command.py:388} INFO - Running <TaskInstance: listenbrainz_dynamic_pipeline.process_file.dedup manual__2025-02-21T14:11:48.903658+00:00 map_index=0 [running]> on host 5b6f74597018
[2025-02-21T14:14:03.712+0000] {taskinstance.py:1509} INFO - Exporting the following env vars:
AIRFLOW_CTX_DAG_OWNER=***
AIRFLOW_CTX_DAG_ID=listenbrainz_dynamic_pipeline
AIRFLOW_CTX_TASK_ID=process_file.dedup
AIRFLOW_CTX_EXECUTION_DATE=2025-02-21T14:11:48.903658+00:00
AIRFLOW_CTX_TRY_NUMBER=1
AIRFLOW_CTX_DAG_RUN_ID=manual__2025-02-21T14:11:48.903658+00:00
[2025-02-21T14:14:04.157+0000] {unified_pipeline.py:144} INFO - Starting deduplication process.
[2025-02-21T14:14:04.747+0000] {unified_pipeline.py:161} INFO - deduplicate: created stg_listens_dedup from stg_listens in DB.
[2025-02-21T14:14:04.747+0000] {listenbrainz_dag.py:97} INFO - Deduplicated staging data.
[2025-02-21T14:14:04.748+0000] {python.py:177} INFO - Done. Returned value was: None
[2025-02-21T14:14:04.757+0000] {taskinstance.py:1323} INFO - Marking task as SUCCESS. dag_id=listenbrainz_dynamic_pipeline, task_id=process_file.dedup, map_index=0, execution_date=20250221T141148, start_date=20250221T141403, end_date=20250221T141404
[2025-02-21T14:14:04.800+0000] {local_task_job.py:208} INFO - Task exited with return code 0
[2025-02-21T14:14:04.842+0000] {taskinstance.py:2578} INFO - 1 downstream tasks scheduled from follow-on schedule check
