[2025-02-21T13:58:22.028+0000] {taskinstance.py:1083} INFO - Dependencies all met for <TaskInstance: listenbrainz_dynamic_pipeline.process_file.upsert manual__2025-02-21T13:52:30.489409+00:00 map_index=0 [queued]>
[2025-02-21T13:58:22.037+0000] {taskinstance.py:1083} INFO - Dependencies all met for <TaskInstance: listenbrainz_dynamic_pipeline.process_file.upsert manual__2025-02-21T13:52:30.489409+00:00 map_index=0 [queued]>
[2025-02-21T13:58:22.037+0000] {taskinstance.py:1279} INFO - 
--------------------------------------------------------------------------------
[2025-02-21T13:58:22.037+0000] {taskinstance.py:1280} INFO - Starting attempt 1 of 2
[2025-02-21T13:58:22.037+0000] {taskinstance.py:1281} INFO - 
--------------------------------------------------------------------------------
[2025-02-21T13:58:22.049+0000] {taskinstance.py:1300} INFO - Executing <Task(_PythonDecoratedOperator): process_file.upsert> on 2025-02-21 13:52:30.489409+00:00
[2025-02-21T13:58:22.052+0000] {standard_task_runner.py:55} INFO - Started process 914 to run task
[2025-02-21T13:58:22.054+0000] {standard_task_runner.py:82} INFO - Running: ['***', 'tasks', 'run', 'listenbrainz_dynamic_pipeline', 'process_file.upsert', 'manual__2025-02-21T13:52:30.489409+00:00', '--job-id', '24', '--raw', '--subdir', 'DAGS_FOLDER/listenbrainz_dag.py', '--cfg-path', '/tmp/tmp5a3bktuy', '--map-index', '0']
[2025-02-21T13:58:22.055+0000] {standard_task_runner.py:83} INFO - Job 24: Subtask process_file.upsert
[2025-02-21T13:58:22.106+0000] {task_command.py:388} INFO - Running <TaskInstance: listenbrainz_dynamic_pipeline.process_file.upsert manual__2025-02-21T13:52:30.489409+00:00 map_index=0 [running]> on host 930207e07779
[2025-02-21T13:58:22.164+0000] {taskinstance.py:1509} INFO - Exporting the following env vars:
AIRFLOW_CTX_DAG_OWNER=***
AIRFLOW_CTX_DAG_ID=listenbrainz_dynamic_pipeline
AIRFLOW_CTX_TASK_ID=process_file.upsert
AIRFLOW_CTX_EXECUTION_DATE=2025-02-21T13:52:30.489409+00:00
AIRFLOW_CTX_TRY_NUMBER=1
AIRFLOW_CTX_DAG_RUN_ID=manual__2025-02-21T13:52:30.489409+00:00
[2025-02-21T13:58:22.525+0000] {unified_pipeline.py:220} INFO - Upserted dim_user and dim_track tables.
[2025-02-21T13:58:22.525+0000] {listenbrainz_dag.py:102} INFO - Upserted dimension tables.
[2025-02-21T13:58:22.525+0000] {python.py:177} INFO - Done. Returned value was: None
[2025-02-21T13:58:22.536+0000] {taskinstance.py:1323} INFO - Marking task as SUCCESS. dag_id=listenbrainz_dynamic_pipeline, task_id=process_file.upsert, map_index=0, execution_date=20250221T135230, start_date=20250221T135822, end_date=20250221T135822
[2025-02-21T13:58:22.586+0000] {local_task_job.py:208} INFO - Task exited with return code 0
[2025-02-21T13:58:22.616+0000] {taskinstance.py:2578} INFO - 1 downstream tasks scheduled from follow-on schedule check
