[2025-02-21T14:05:44.599+0000] {taskinstance.py:1083} INFO - Dependencies all met for <TaskInstance: listenbrainz_dynamic_pipeline.process_file.load scheduled__2025-01-01T00:00:00+00:00 map_index=1 [queued]>
[2025-02-21T14:05:44.608+0000] {taskinstance.py:1083} INFO - Dependencies all met for <TaskInstance: listenbrainz_dynamic_pipeline.process_file.load scheduled__2025-01-01T00:00:00+00:00 map_index=1 [queued]>
[2025-02-21T14:05:44.608+0000] {taskinstance.py:1279} INFO - 
--------------------------------------------------------------------------------
[2025-02-21T14:05:44.608+0000] {taskinstance.py:1280} INFO - Starting attempt 1 of 2
[2025-02-21T14:05:44.608+0000] {taskinstance.py:1281} INFO - 
--------------------------------------------------------------------------------
[2025-02-21T14:05:44.619+0000] {taskinstance.py:1300} INFO - Executing <Task(_PythonDecoratedOperator): process_file.load> on 2025-01-01 00:00:00+00:00
[2025-02-21T14:05:44.623+0000] {standard_task_runner.py:55} INFO - Started process 293 to run task
[2025-02-21T14:05:44.624+0000] {standard_task_runner.py:82} INFO - Running: ['***', 'tasks', 'run', 'listenbrainz_dynamic_pipeline', 'process_file.load', 'scheduled__2025-01-01T00:00:00+00:00', '--job-id', '8', '--raw', '--subdir', 'DAGS_FOLDER/listenbrainz_dag.py', '--cfg-path', '/tmp/tmplav7zb8t', '--map-index', '1']
[2025-02-21T14:05:44.625+0000] {standard_task_runner.py:83} INFO - Job 8: Subtask process_file.load
[2025-02-21T14:05:44.678+0000] {task_command.py:388} INFO - Running <TaskInstance: listenbrainz_dynamic_pipeline.process_file.load scheduled__2025-01-01T00:00:00+00:00 map_index=1 [running]> on host 5b6f74597018
[2025-02-21T14:05:44.739+0000] {taskinstance.py:1509} INFO - Exporting the following env vars:
AIRFLOW_CTX_DAG_OWNER=***
AIRFLOW_CTX_DAG_ID=listenbrainz_dynamic_pipeline
AIRFLOW_CTX_TASK_ID=process_file.load
AIRFLOW_CTX_EXECUTION_DATE=2025-01-01T00:00:00+00:00
AIRFLOW_CTX_TRY_NUMBER=1
AIRFLOW_CTX_DAG_RUN_ID=scheduled__2025-01-01T00:00:00+00:00
[2025-02-21T14:05:45.268+0000] {logging_mixin.py:137} WARNING - /home/***/.local/lib/python3.7/site-packages/pandas/io/sql.py:1809 SAWarning: Did not recognize type 'varchar' of column 'user_id'
[2025-02-21T14:05:45.268+0000] {logging_mixin.py:137} WARNING - /home/***/.local/lib/python3.7/site-packages/pandas/io/sql.py:1809 SAWarning: Did not recognize type 'varchar' of column 'track_id'
[2025-02-21T14:05:45.269+0000] {logging_mixin.py:137} WARNING - /home/***/.local/lib/python3.7/site-packages/pandas/io/sql.py:1809 SAWarning: Did not recognize type 'varchar' of column 'track_name'
[2025-02-21T14:05:45.269+0000] {logging_mixin.py:137} WARNING - /home/***/.local/lib/python3.7/site-packages/pandas/io/sql.py:1809 SAWarning: Did not recognize type 'varchar' of column 'artist_name'
[2025-02-21T14:05:45.280+0000] {logging_mixin.py:137} WARNING - /home/***/.local/lib/python3.7/site-packages/duckdb_engine/__init__.py:183 DuckDBEngineWarning: duckdb-engine doesn't yet support reflection on indices
[2025-02-21T14:05:51.037+0000] {unified_pipeline.py:126} INFO - Chunk 1: inserted 50000 rows into stg_listens, total 50000.
[2025-02-21T14:05:56.989+0000] {unified_pipeline.py:126} INFO - Chunk 2: inserted 50000 rows into stg_listens, total 100000.
[2025-02-21T14:06:02.960+0000] {unified_pipeline.py:126} INFO - Chunk 3: inserted 50000 rows into stg_listens, total 150000.
[2025-02-21T14:06:08.747+0000] {unified_pipeline.py:126} INFO - Chunk 4: inserted 50000 rows into stg_listens, total 200000.
[2025-02-21T14:06:14.584+0000] {unified_pipeline.py:126} INFO - Chunk 5: inserted 50000 rows into stg_listens, total 250000.
[2025-02-21T14:06:20.587+0000] {unified_pipeline.py:126} INFO - Chunk 6: inserted 50000 rows into stg_listens, total 300000.
[2025-02-21T14:06:24.596+0000] {unified_pipeline.py:126} INFO - Chunk 7: inserted 33034 rows into stg_listens, total 333034.
[2025-02-21T14:06:24.596+0000] {unified_pipeline.py:128} INFO - All chunks inserted into stg_listens. Total 333034 rows.
[2025-02-21T14:06:24.597+0000] {listenbrainz_dag.py:90} INFO - Loaded CSV /data/intermediate/MappedArgument(_input=DictOfListsExpandInput(value={'file_path': XComArg(<Task(_PythonDecoratedOperator): list_new_files>)}), _key='file_path').csv into staging table.
[2025-02-21T14:06:24.597+0000] {python.py:177} INFO - Done. Returned value was: None
[2025-02-21T14:06:24.607+0000] {taskinstance.py:1323} INFO - Marking task as SUCCESS. dag_id=listenbrainz_dynamic_pipeline, task_id=process_file.load, map_index=1, execution_date=20250101T000000, start_date=20250221T140544, end_date=20250221T140624
[2025-02-21T14:06:24.652+0000] {local_task_job.py:208} INFO - Task exited with return code 0
[2025-02-21T14:06:24.687+0000] {taskinstance.py:2578} INFO - 1 downstream tasks scheduled from follow-on schedule check
