[2025-02-21T14:29:47.007+0000] {taskinstance.py:1083} INFO - Dependencies all met for <TaskInstance: listenbrainz_dynamic_pipeline_sequential.process_file__1.load scheduled__2025-01-01T00:00:00+00:00 [queued]>
[2025-02-21T14:29:47.013+0000] {taskinstance.py:1083} INFO - Dependencies all met for <TaskInstance: listenbrainz_dynamic_pipeline_sequential.process_file__1.load scheduled__2025-01-01T00:00:00+00:00 [queued]>
[2025-02-21T14:29:47.014+0000] {taskinstance.py:1279} INFO - 
--------------------------------------------------------------------------------
[2025-02-21T14:29:47.014+0000] {taskinstance.py:1280} INFO - Starting attempt 1 of 2
[2025-02-21T14:29:47.014+0000] {taskinstance.py:1281} INFO - 
--------------------------------------------------------------------------------
[2025-02-21T14:29:47.023+0000] {taskinstance.py:1300} INFO - Executing <Task(_PythonDecoratedOperator): process_file__1.load> on 2025-01-01 00:00:00+00:00
[2025-02-21T14:29:47.027+0000] {standard_task_runner.py:55} INFO - Started process 431 to run task
[2025-02-21T14:29:47.028+0000] {standard_task_runner.py:82} INFO - Running: ['***', 'tasks', 'run', 'listenbrainz_dynamic_pipeline_sequential', 'process_file__1.load', 'scheduled__2025-01-01T00:00:00+00:00', '--job-id', '24', '--raw', '--subdir', 'DAGS_FOLDER/listenbrainz_dag.py', '--cfg-path', '/tmp/tmpresumo3n']
[2025-02-21T14:29:47.029+0000] {standard_task_runner.py:83} INFO - Job 24: Subtask process_file__1.load
[2025-02-21T14:29:47.078+0000] {task_command.py:388} INFO - Running <TaskInstance: listenbrainz_dynamic_pipeline_sequential.process_file__1.load scheduled__2025-01-01T00:00:00+00:00 [running]> on host 3c1a83f589ff
[2025-02-21T14:29:47.134+0000] {taskinstance.py:1509} INFO - Exporting the following env vars:
AIRFLOW_CTX_DAG_OWNER=***
AIRFLOW_CTX_DAG_ID=listenbrainz_dynamic_pipeline_sequential
AIRFLOW_CTX_TASK_ID=process_file__1.load
AIRFLOW_CTX_EXECUTION_DATE=2025-01-01T00:00:00+00:00
AIRFLOW_CTX_TRY_NUMBER=1
AIRFLOW_CTX_DAG_RUN_ID=scheduled__2025-01-01T00:00:00+00:00
[2025-02-21T14:29:47.493+0000] {logging_mixin.py:137} WARNING - /home/***/.local/lib/python3.7/site-packages/pandas/io/sql.py:1809 SAWarning: Did not recognize type 'varchar' of column 'user_id'
[2025-02-21T14:29:47.493+0000] {logging_mixin.py:137} WARNING - /home/***/.local/lib/python3.7/site-packages/pandas/io/sql.py:1809 SAWarning: Did not recognize type 'varchar' of column 'track_id'
[2025-02-21T14:29:47.494+0000] {logging_mixin.py:137} WARNING - /home/***/.local/lib/python3.7/site-packages/pandas/io/sql.py:1809 SAWarning: Did not recognize type 'varchar' of column 'track_name'
[2025-02-21T14:29:47.494+0000] {logging_mixin.py:137} WARNING - /home/***/.local/lib/python3.7/site-packages/pandas/io/sql.py:1809 SAWarning: Did not recognize type 'varchar' of column 'artist_name'
[2025-02-21T14:29:47.505+0000] {logging_mixin.py:137} WARNING - /home/***/.local/lib/python3.7/site-packages/duckdb_engine/__init__.py:183 DuckDBEngineWarning: duckdb-engine doesn't yet support reflection on indices
[2025-02-21T14:29:47.544+0000] {unified_pipeline.py:126} INFO - Chunk 1: inserted 8 rows into stg_listens, total 8.
[2025-02-21T14:29:47.544+0000] {unified_pipeline.py:128} INFO - All chunks inserted into stg_listens. Total 8 rows.
[2025-02-21T14:29:47.544+0000] {listenbrainz_dag.py:71} INFO - Loaded CSV /data/intermediate/sample-data-3.csv into staging table.
[2025-02-21T14:29:47.544+0000] {python.py:177} INFO - Done. Returned value was: None
[2025-02-21T14:29:47.554+0000] {taskinstance.py:1323} INFO - Marking task as SUCCESS. dag_id=listenbrainz_dynamic_pipeline_sequential, task_id=process_file__1.load, execution_date=20250101T000000, start_date=20250221T142947, end_date=20250221T142947
[2025-02-21T14:29:47.601+0000] {local_task_job.py:208} INFO - Task exited with return code 0
[2025-02-21T14:29:47.625+0000] {taskinstance.py:2578} INFO - 1 downstream tasks scheduled from follow-on schedule check
