[2025-02-21T13:12:16.515+0000] {taskinstance.py:1083} INFO - Dependencies all met for <TaskInstance: listenbrainz_pipeline_duckdb.upsert_dims manual__2025-02-21T13:11:26.895528+00:00 [queued]>
[2025-02-21T13:12:16.521+0000] {taskinstance.py:1083} INFO - Dependencies all met for <TaskInstance: listenbrainz_pipeline_duckdb.upsert_dims manual__2025-02-21T13:11:26.895528+00:00 [queued]>
[2025-02-21T13:12:16.521+0000] {taskinstance.py:1279} INFO - 
--------------------------------------------------------------------------------
[2025-02-21T13:12:16.522+0000] {taskinstance.py:1280} INFO - Starting attempt 1 of 2
[2025-02-21T13:12:16.522+0000] {taskinstance.py:1281} INFO - 
--------------------------------------------------------------------------------
[2025-02-21T13:12:16.532+0000] {taskinstance.py:1300} INFO - Executing <Task(PythonOperator): upsert_dims> on 2025-02-21 13:11:26.895528+00:00
[2025-02-21T13:12:16.536+0000] {standard_task_runner.py:55} INFO - Started process 358 to run task
[2025-02-21T13:12:16.538+0000] {standard_task_runner.py:82} INFO - Running: ['***', 'tasks', 'run', 'listenbrainz_pipeline_duckdb', 'upsert_dims', 'manual__2025-02-21T13:11:26.895528+00:00', '--job-id', '7', '--raw', '--subdir', 'DAGS_FOLDER/listenbrainz_dag.py', '--cfg-path', '/tmp/tmpt9bwdp6e']
[2025-02-21T13:12:16.539+0000] {standard_task_runner.py:83} INFO - Job 7: Subtask upsert_dims
[2025-02-21T13:12:16.585+0000] {task_command.py:388} INFO - Running <TaskInstance: listenbrainz_pipeline_duckdb.upsert_dims manual__2025-02-21T13:11:26.895528+00:00 [running]> on host 0cdba1bb6470
[2025-02-21T13:12:16.638+0000] {taskinstance.py:1509} INFO - Exporting the following env vars:
AIRFLOW_CTX_DAG_OWNER=***
AIRFLOW_CTX_DAG_ID=listenbrainz_pipeline_duckdb
AIRFLOW_CTX_TASK_ID=upsert_dims
AIRFLOW_CTX_EXECUTION_DATE=2025-02-21T13:11:26.895528+00:00
AIRFLOW_CTX_TRY_NUMBER=1
AIRFLOW_CTX_DAG_RUN_ID=manual__2025-02-21T13:11:26.895528+00:00
[2025-02-21T13:12:16.827+0000] {unified_pipeline.py:220} INFO - Upserted dim_user and dim_track tables.
[2025-02-21T13:12:16.827+0000] {listenbrainz_dag.py:91} INFO - Dimension tables upserted.
[2025-02-21T13:12:16.827+0000] {python.py:177} INFO - Done. Returned value was: None
[2025-02-21T13:12:16.836+0000] {taskinstance.py:1323} INFO - Marking task as SUCCESS. dag_id=listenbrainz_pipeline_duckdb, task_id=upsert_dims, execution_date=20250221T131126, start_date=20250221T131216, end_date=20250221T131216
[2025-02-21T13:12:16.870+0000] {local_task_job.py:208} INFO - Task exited with return code 0
[2025-02-21T13:12:16.887+0000] {taskinstance.py:2578} INFO - 1 downstream tasks scheduled from follow-on schedule check
