[2025-02-21T00:13:35.386+0000] {taskinstance.py:1083} INFO - Dependencies all met for <TaskInstance: listenbrainz_pipeline_duckdb.create_schema manual__2025-02-21T00:13:34.043637+00:00 [queued]>
[2025-02-21T00:13:35.396+0000] {taskinstance.py:1083} INFO - Dependencies all met for <TaskInstance: listenbrainz_pipeline_duckdb.create_schema manual__2025-02-21T00:13:34.043637+00:00 [queued]>
[2025-02-21T00:13:35.397+0000] {taskinstance.py:1279} INFO - 
--------------------------------------------------------------------------------
[2025-02-21T00:13:35.397+0000] {taskinstance.py:1280} INFO - Starting attempt 1 of 2
[2025-02-21T00:13:35.397+0000] {taskinstance.py:1281} INFO - 
--------------------------------------------------------------------------------
[2025-02-21T00:13:35.414+0000] {taskinstance.py:1300} INFO - Executing <Task(PythonOperator): create_schema> on 2025-02-21 00:13:34.043637+00:00
[2025-02-21T00:13:35.420+0000] {standard_task_runner.py:55} INFO - Started process 193 to run task
[2025-02-21T00:13:35.423+0000] {standard_task_runner.py:82} INFO - Running: ['***', 'tasks', 'run', 'listenbrainz_pipeline_duckdb', 'create_schema', 'manual__2025-02-21T00:13:34.043637+00:00', '--job-id', '3', '--raw', '--subdir', 'DAGS_FOLDER/listenbrainz_dag.py', '--cfg-path', '/tmp/tmp6350mhto']
[2025-02-21T00:13:35.424+0000] {standard_task_runner.py:83} INFO - Job 3: Subtask create_schema
[2025-02-21T00:13:35.519+0000] {task_command.py:388} INFO - Running <TaskInstance: listenbrainz_pipeline_duckdb.create_schema manual__2025-02-21T00:13:34.043637+00:00 [running]> on host 2f3c21c21995
[2025-02-21T00:13:35.652+0000] {taskinstance.py:1509} INFO - Exporting the following env vars:
AIRFLOW_CTX_DAG_OWNER=***
AIRFLOW_CTX_DAG_ID=listenbrainz_pipeline_duckdb
AIRFLOW_CTX_TASK_ID=create_schema
AIRFLOW_CTX_EXECUTION_DATE=2025-02-21T00:13:34.043637+00:00
AIRFLOW_CTX_TRY_NUMBER=1
AIRFLOW_CTX_DAG_RUN_ID=manual__2025-02-21T00:13:34.043637+00:00
[2025-02-21T00:13:35.894+0000] {listenbrainz_dag.py:43} INFO - Schema created.
[2025-02-21T00:13:35.894+0000] {python.py:177} INFO - Done. Returned value was: None
[2025-02-21T00:13:35.927+0000] {taskinstance.py:1323} INFO - Marking task as SUCCESS. dag_id=listenbrainz_pipeline_duckdb, task_id=create_schema, execution_date=20250221T001334, start_date=20250221T001335, end_date=20250221T001335
[2025-02-21T00:13:35.995+0000] {local_task_job.py:208} INFO - Task exited with return code 0
[2025-02-21T00:13:36.032+0000] {taskinstance.py:2578} INFO - 0 downstream tasks scheduled from follow-on schedule check
