[2025-02-21T14:25:30.014+0000] {taskinstance.py:1083} INFO - Dependencies all met for <TaskInstance: listenbrainz_dynamic_pipeline.process_file.parse manual__2025-02-21T14:25:16.936249+00:00 map_index=2 [queued]>
[2025-02-21T14:25:30.021+0000] {taskinstance.py:1083} INFO - Dependencies all met for <TaskInstance: listenbrainz_dynamic_pipeline.process_file.parse manual__2025-02-21T14:25:16.936249+00:00 map_index=2 [queued]>
[2025-02-21T14:25:30.021+0000] {taskinstance.py:1279} INFO - 
--------------------------------------------------------------------------------
[2025-02-21T14:25:30.021+0000] {taskinstance.py:1280} INFO - Starting attempt 1 of 2
[2025-02-21T14:25:30.021+0000] {taskinstance.py:1281} INFO - 
--------------------------------------------------------------------------------
[2025-02-21T14:25:30.031+0000] {taskinstance.py:1300} INFO - Executing <Task(_PythonDecoratedOperator): process_file.parse> on 2025-02-21 14:25:16.936249+00:00
[2025-02-21T14:25:30.035+0000] {standard_task_runner.py:55} INFO - Started process 340 to run task
[2025-02-21T14:25:30.037+0000] {standard_task_runner.py:82} INFO - Running: ['***', 'tasks', 'run', 'listenbrainz_dynamic_pipeline', 'process_file.parse', 'manual__2025-02-21T14:25:16.936249+00:00', '--job-id', '13', '--raw', '--subdir', 'DAGS_FOLDER/listenbrainz_dag.py', '--cfg-path', '/tmp/tmp6h77vodq', '--map-index', '2']
[2025-02-21T14:25:30.038+0000] {standard_task_runner.py:83} INFO - Job 13: Subtask process_file.parse
[2025-02-21T14:25:30.092+0000] {task_command.py:388} INFO - Running <TaskInstance: listenbrainz_dynamic_pipeline.process_file.parse manual__2025-02-21T14:25:16.936249+00:00 map_index=2 [running]> on host 67bebaff4560
[2025-02-21T14:25:30.170+0000] {taskinstance.py:1509} INFO - Exporting the following env vars:
AIRFLOW_CTX_DAG_OWNER=***
AIRFLOW_CTX_DAG_ID=listenbrainz_dynamic_pipeline
AIRFLOW_CTX_TASK_ID=process_file.parse
AIRFLOW_CTX_EXECUTION_DATE=2025-02-21T14:25:16.936249+00:00
AIRFLOW_CTX_TRY_NUMBER=1
AIRFLOW_CTX_DAG_RUN_ID=manual__2025-02-21T14:25:16.936249+00:00
[2025-02-21T14:25:35.615+0000] {unified_pipeline.py:97} INFO - parse_json_to_csv done. Wrote 333034 rows, skipped 0.
[2025-02-21T14:25:35.615+0000] {listenbrainz_dag.py:76} INFO - Parsed /data/raw/sample-data.json into /data/intermediate/MappedArgument(_input=DictOfListsExpandInput(value={'file_path': XComArg(<Task(_PythonDecoratedOperator): list_new_files>)}), _key='file_path').csv.
[2025-02-21T14:25:35.615+0000] {python.py:177} INFO - Done. Returned value was: None
[2025-02-21T14:25:35.625+0000] {taskinstance.py:1323} INFO - Marking task as SUCCESS. dag_id=listenbrainz_dynamic_pipeline, task_id=process_file.parse, map_index=2, execution_date=20250221T142516, start_date=20250221T142530, end_date=20250221T142535
[2025-02-21T14:25:35.674+0000] {local_task_job.py:208} INFO - Task exited with return code 0
[2025-02-21T14:25:35.726+0000] {taskinstance.py:2578} INFO - 1 downstream tasks scheduled from follow-on schedule check
