[2025-02-21T14:34:08.035+0000] {taskinstance.py:1083} INFO - Dependencies all met for <TaskInstance: listenbrainz_dynamic_pipeline_sequential.process_file.upsert manual__2025-02-21T14:34:02.964740+00:00 [queued]>
[2025-02-21T14:34:08.042+0000] {taskinstance.py:1083} INFO - Dependencies all met for <TaskInstance: listenbrainz_dynamic_pipeline_sequential.process_file.upsert manual__2025-02-21T14:34:02.964740+00:00 [queued]>
[2025-02-21T14:34:08.042+0000] {taskinstance.py:1279} INFO - 
--------------------------------------------------------------------------------
[2025-02-21T14:34:08.042+0000] {taskinstance.py:1280} INFO - Starting attempt 1 of 2
[2025-02-21T14:34:08.042+0000] {taskinstance.py:1281} INFO - 
--------------------------------------------------------------------------------
[2025-02-21T14:34:08.051+0000] {taskinstance.py:1300} INFO - Executing <Task(_PythonDecoratedOperator): process_file.upsert> on 2025-02-21 14:34:02.964740+00:00
[2025-02-21T14:34:08.054+0000] {standard_task_runner.py:55} INFO - Started process 1008 to run task
[2025-02-21T14:34:08.056+0000] {standard_task_runner.py:82} INFO - Running: ['***', 'tasks', 'run', 'listenbrainz_dynamic_pipeline_sequential', 'process_file.upsert', 'manual__2025-02-21T14:34:02.964740+00:00', '--job-id', '37', '--raw', '--subdir', 'DAGS_FOLDER/listenbrainz_dag.py', '--cfg-path', '/tmp/tmpp92zoqgv']
[2025-02-21T14:34:08.057+0000] {standard_task_runner.py:83} INFO - Job 37: Subtask process_file.upsert
[2025-02-21T14:34:08.107+0000] {task_command.py:388} INFO - Running <TaskInstance: listenbrainz_dynamic_pipeline_sequential.process_file.upsert manual__2025-02-21T14:34:02.964740+00:00 [running]> on host 3c1a83f589ff
[2025-02-21T14:34:08.168+0000] {taskinstance.py:1509} INFO - Exporting the following env vars:
AIRFLOW_CTX_DAG_OWNER=***
AIRFLOW_CTX_DAG_ID=listenbrainz_dynamic_pipeline_sequential
AIRFLOW_CTX_TASK_ID=process_file.upsert
AIRFLOW_CTX_EXECUTION_DATE=2025-02-21T14:34:02.964740+00:00
AIRFLOW_CTX_TRY_NUMBER=1
AIRFLOW_CTX_DAG_RUN_ID=manual__2025-02-21T14:34:02.964740+00:00
[2025-02-21T14:34:08.478+0000] {unified_pipeline.py:220} INFO - Upserted dim_user and dim_track tables.
[2025-02-21T14:34:08.479+0000] {listenbrainz_dag.py:85} INFO - Upserted dimension tables.
[2025-02-21T14:34:08.479+0000] {python.py:177} INFO - Done. Returned value was: None
[2025-02-21T14:34:08.495+0000] {taskinstance.py:1323} INFO - Marking task as SUCCESS. dag_id=listenbrainz_dynamic_pipeline_sequential, task_id=process_file.upsert, execution_date=20250221T143402, start_date=20250221T143408, end_date=20250221T143408
[2025-02-21T14:34:08.548+0000] {local_task_job.py:208} INFO - Task exited with return code 0
[2025-02-21T14:34:08.576+0000] {taskinstance.py:2578} INFO - 0 downstream tasks scheduled from follow-on schedule check
