[2025-02-21T13:19:47.027+0000] {taskinstance.py:1083} INFO - Dependencies all met for <TaskInstance: listenbrainz_pipeline_duckdb_dir.process_directory manual__2025-02-21T13:19:46.092729+00:00 [queued]>
[2025-02-21T13:19:47.034+0000] {taskinstance.py:1083} INFO - Dependencies all met for <TaskInstance: listenbrainz_pipeline_duckdb_dir.process_directory manual__2025-02-21T13:19:46.092729+00:00 [queued]>
[2025-02-21T13:19:47.034+0000] {taskinstance.py:1279} INFO - 
--------------------------------------------------------------------------------
[2025-02-21T13:19:47.034+0000] {taskinstance.py:1280} INFO - Starting attempt 1 of 2
[2025-02-21T13:19:47.035+0000] {taskinstance.py:1281} INFO - 
--------------------------------------------------------------------------------
[2025-02-21T13:19:47.045+0000] {taskinstance.py:1300} INFO - Executing <Task(PythonOperator): process_directory> on 2025-02-21 13:19:46.092729+00:00
[2025-02-21T13:19:47.049+0000] {standard_task_runner.py:55} INFO - Started process 706 to run task
[2025-02-21T13:19:47.051+0000] {standard_task_runner.py:82} INFO - Running: ['***', 'tasks', 'run', 'listenbrainz_pipeline_duckdb_dir', 'process_directory', 'manual__2025-02-21T13:19:46.092729+00:00', '--job-id', '13', '--raw', '--subdir', 'DAGS_FOLDER/listenbrainz_dag.py', '--cfg-path', '/tmp/tmpabjmu1h_']
[2025-02-21T13:19:47.052+0000] {standard_task_runner.py:83} INFO - Job 13: Subtask process_directory
[2025-02-21T13:19:47.104+0000] {task_command.py:388} INFO - Running <TaskInstance: listenbrainz_pipeline_duckdb_dir.process_directory manual__2025-02-21T13:19:46.092729+00:00 [running]> on host 0cdba1bb6470
[2025-02-21T13:19:47.164+0000] {taskinstance.py:1509} INFO - Exporting the following env vars:
AIRFLOW_CTX_DAG_OWNER=***
AIRFLOW_CTX_DAG_ID=listenbrainz_pipeline_duckdb_dir
AIRFLOW_CTX_TASK_ID=process_directory
AIRFLOW_CTX_EXECUTION_DATE=2025-02-21T13:19:46.092729+00:00
AIRFLOW_CTX_TRY_NUMBER=1
AIRFLOW_CTX_DAG_RUN_ID=manual__2025-02-21T13:19:46.092729+00:00
[2025-02-21T13:19:47.302+0000] {listenbrainz_dag.py:148} INFO - Processing file: /data/raw/sample-data-2.json
[2025-02-21T13:19:47.303+0000] {unified_pipeline.py:97} INFO - parse_json_to_csv done. Wrote 8 rows, skipped 0.
[2025-02-21T13:19:47.363+0000] {logging_mixin.py:137} WARNING - /home/***/.local/lib/python3.7/site-packages/pandas/io/sql.py:1809 SAWarning: Did not recognize type 'varchar' of column 'user_id'
[2025-02-21T13:19:47.364+0000] {logging_mixin.py:137} WARNING - /home/***/.local/lib/python3.7/site-packages/pandas/io/sql.py:1809 SAWarning: Did not recognize type 'varchar' of column 'track_id'
[2025-02-21T13:19:47.364+0000] {logging_mixin.py:137} WARNING - /home/***/.local/lib/python3.7/site-packages/pandas/io/sql.py:1809 SAWarning: Did not recognize type 'varchar' of column 'track_name'
[2025-02-21T13:19:47.365+0000] {logging_mixin.py:137} WARNING - /home/***/.local/lib/python3.7/site-packages/pandas/io/sql.py:1809 SAWarning: Did not recognize type 'varchar' of column 'artist_name'
[2025-02-21T13:19:47.375+0000] {logging_mixin.py:137} WARNING - /home/***/.local/lib/python3.7/site-packages/duckdb_engine/__init__.py:183 DuckDBEngineWarning: duckdb-engine doesn't yet support reflection on indices
[2025-02-21T13:19:47.416+0000] {unified_pipeline.py:126} INFO - Chunk 1: inserted 8 rows into stg_listens, total 8.
[2025-02-21T13:19:47.416+0000] {unified_pipeline.py:128} INFO - All chunks inserted into stg_listens. Total 8 rows.
[2025-02-21T13:19:47.417+0000] {unified_pipeline.py:144} INFO - Starting deduplication process.
[2025-02-21T13:19:47.422+0000] {unified_pipeline.py:161} INFO - deduplicate: created stg_listens_dedup from stg_listens in DB.
[2025-02-21T13:19:47.433+0000] {unified_pipeline.py:220} INFO - Upserted dim_user and dim_track tables.
[2025-02-21T13:19:47.442+0000] {unified_pipeline.py:268} INFO - Inserted new listens into fact_listen.
[2025-02-21T13:19:47.442+0000] {listenbrainz_dag.py:148} INFO - Processing file: /data/raw/sample-data.json
[2025-02-21T13:19:52.425+0000] {unified_pipeline.py:97} INFO - parse_json_to_csv done. Wrote 333034 rows, skipped 0.
[2025-02-21T13:19:58.288+0000] {unified_pipeline.py:126} INFO - Chunk 1: inserted 50000 rows into stg_listens, total 50000.
[2025-02-21T13:20:04.190+0000] {unified_pipeline.py:126} INFO - Chunk 2: inserted 50000 rows into stg_listens, total 100000.
[2025-02-21T13:20:10.405+0000] {unified_pipeline.py:126} INFO - Chunk 3: inserted 50000 rows into stg_listens, total 150000.
[2025-02-21T13:20:16.574+0000] {unified_pipeline.py:126} INFO - Chunk 4: inserted 50000 rows into stg_listens, total 200000.
[2025-02-21T13:20:22.644+0000] {unified_pipeline.py:126} INFO - Chunk 5: inserted 50000 rows into stg_listens, total 250000.
[2025-02-21T13:20:28.804+0000] {unified_pipeline.py:126} INFO - Chunk 6: inserted 50000 rows into stg_listens, total 300000.
[2025-02-21T13:20:32.972+0000] {unified_pipeline.py:126} INFO - Chunk 7: inserted 33034 rows into stg_listens, total 333034.
[2025-02-21T13:20:32.972+0000] {unified_pipeline.py:128} INFO - All chunks inserted into stg_listens. Total 333034 rows.
[2025-02-21T13:20:32.973+0000] {unified_pipeline.py:144} INFO - Starting deduplication process.
[2025-02-21T13:20:33.601+0000] {unified_pipeline.py:161} INFO - deduplicate: created stg_listens_dedup from stg_listens in DB.
[2025-02-21T13:20:33.653+0000] {unified_pipeline.py:220} INFO - Upserted dim_user and dim_track tables.
[2025-02-21T13:20:33.711+0000] {unified_pipeline.py:268} INFO - Inserted new listens into fact_listen.
[2025-02-21T13:20:33.711+0000] {listenbrainz_dag.py:154} INFO - All JSON files processed. Final facts table is complete.
[2025-02-21T13:20:33.711+0000] {python.py:177} INFO - Done. Returned value was: None
[2025-02-21T13:20:33.722+0000] {taskinstance.py:1323} INFO - Marking task as SUCCESS. dag_id=listenbrainz_pipeline_duckdb_dir, task_id=process_directory, execution_date=20250221T131946, start_date=20250221T131947, end_date=20250221T132033
[2025-02-21T13:20:33.753+0000] {local_task_job.py:208} INFO - Task exited with return code 0
[2025-02-21T13:20:33.767+0000] {taskinstance.py:2578} INFO - 0 downstream tasks scheduled from follow-on schedule check
