[2025-02-21T00:15:01.596+0000] {taskinstance.py:1083} INFO - Dependencies all met for <TaskInstance: listenbrainz_pipeline_duckdb.insert_fact manual__2025-02-21T00:13:34.043637+00:00 [queued]>
[2025-02-21T00:15:01.623+0000] {taskinstance.py:1083} INFO - Dependencies all met for <TaskInstance: listenbrainz_pipeline_duckdb.insert_fact manual__2025-02-21T00:13:34.043637+00:00 [queued]>
[2025-02-21T00:15:01.624+0000] {taskinstance.py:1279} INFO - 
--------------------------------------------------------------------------------
[2025-02-21T00:15:01.624+0000] {taskinstance.py:1280} INFO - Starting attempt 1 of 2
[2025-02-21T00:15:01.624+0000] {taskinstance.py:1281} INFO - 
--------------------------------------------------------------------------------
[2025-02-21T00:15:01.671+0000] {taskinstance.py:1300} INFO - Executing <Task(PythonOperator): insert_fact> on 2025-02-21 00:13:34.043637+00:00
[2025-02-21T00:15:01.685+0000] {standard_task_runner.py:55} INFO - Started process 406 to run task
[2025-02-21T00:15:01.692+0000] {standard_task_runner.py:82} INFO - Running: ['***', 'tasks', 'run', 'listenbrainz_pipeline_duckdb', 'insert_fact', 'manual__2025-02-21T00:13:34.043637+00:00', '--job-id', '8', '--raw', '--subdir', 'DAGS_FOLDER/listenbrainz_dag.py', '--cfg-path', '/tmp/tmpyck1ow2t']
[2025-02-21T00:15:01.697+0000] {standard_task_runner.py:83} INFO - Job 8: Subtask insert_fact
[2025-02-21T00:15:01.898+0000] {task_command.py:388} INFO - Running <TaskInstance: listenbrainz_pipeline_duckdb.insert_fact manual__2025-02-21T00:13:34.043637+00:00 [running]> on host 2f3c21c21995
[2025-02-21T00:15:01.997+0000] {taskinstance.py:1509} INFO - Exporting the following env vars:
AIRFLOW_CTX_DAG_OWNER=***
AIRFLOW_CTX_DAG_ID=listenbrainz_pipeline_duckdb
AIRFLOW_CTX_TASK_ID=insert_fact
AIRFLOW_CTX_EXECUTION_DATE=2025-02-21T00:13:34.043637+00:00
AIRFLOW_CTX_TRY_NUMBER=1
AIRFLOW_CTX_DAG_RUN_ID=manual__2025-02-21T00:13:34.043637+00:00
[2025-02-21T00:15:03.432+0000] {unified_pipeline.py:222} INFO - Inserted new listens into fact_listen.
[2025-02-21T00:15:03.433+0000] {python.py:177} INFO - Done. Returned value was: None
[2025-02-21T00:15:03.450+0000] {taskinstance.py:1323} INFO - Marking task as SUCCESS. dag_id=listenbrainz_pipeline_duckdb, task_id=insert_fact, execution_date=20250221T001334, start_date=20250221T001501, end_date=20250221T001503
[2025-02-21T00:15:03.507+0000] {local_task_job.py:208} INFO - Task exited with return code 0
[2025-02-21T00:15:03.537+0000] {taskinstance.py:2578} INFO - 0 downstream tasks scheduled from follow-on schedule check
