[2025-02-20T23:57:45.519+0000] {taskinstance.py:1083} INFO - Dependencies all met for <TaskInstance: listenbrainz_pipeline_duckdb.create_schema manual__2025-02-20T23:57:44.074247+00:00 [queued]>
[2025-02-20T23:57:45.531+0000] {taskinstance.py:1083} INFO - Dependencies all met for <TaskInstance: listenbrainz_pipeline_duckdb.create_schema manual__2025-02-20T23:57:44.074247+00:00 [queued]>
[2025-02-20T23:57:45.532+0000] {taskinstance.py:1279} INFO - 
--------------------------------------------------------------------------------
[2025-02-20T23:57:45.532+0000] {taskinstance.py:1280} INFO - Starting attempt 1 of 2
[2025-02-20T23:57:45.532+0000] {taskinstance.py:1281} INFO - 
--------------------------------------------------------------------------------
[2025-02-20T23:57:45.557+0000] {taskinstance.py:1300} INFO - Executing <Task(PythonOperator): create_schema> on 2025-02-20 23:57:44.074247+00:00
[2025-02-20T23:57:45.563+0000] {standard_task_runner.py:55} INFO - Started process 193 to run task
[2025-02-20T23:57:45.566+0000] {standard_task_runner.py:82} INFO - Running: ['***', 'tasks', 'run', 'listenbrainz_pipeline_duckdb', 'create_schema', 'manual__2025-02-20T23:57:44.074247+00:00', '--job-id', '3', '--raw', '--subdir', 'DAGS_FOLDER/listenbrainz_dag.py', '--cfg-path', '/tmp/tmpeox41bpo']
[2025-02-20T23:57:45.568+0000] {standard_task_runner.py:83} INFO - Job 3: Subtask create_schema
[2025-02-20T23:57:45.656+0000] {task_command.py:388} INFO - Running <TaskInstance: listenbrainz_pipeline_duckdb.create_schema manual__2025-02-20T23:57:44.074247+00:00 [running]> on host 80fe7ff0e0c3
[2025-02-20T23:57:45.758+0000] {taskinstance.py:1509} INFO - Exporting the following env vars:
AIRFLOW_CTX_DAG_OWNER=***
AIRFLOW_CTX_DAG_ID=listenbrainz_pipeline_duckdb
AIRFLOW_CTX_TASK_ID=create_schema
AIRFLOW_CTX_EXECUTION_DATE=2025-02-20T23:57:44.074247+00:00
AIRFLOW_CTX_TRY_NUMBER=1
AIRFLOW_CTX_DAG_RUN_ID=manual__2025-02-20T23:57:44.074247+00:00
[2025-02-20T23:57:46.011+0000] {listenbrainz_dag.py:43} INFO - Schema created.
[2025-02-20T23:57:46.011+0000] {python.py:177} INFO - Done. Returned value was: None
[2025-02-20T23:57:46.027+0000] {taskinstance.py:1323} INFO - Marking task as SUCCESS. dag_id=listenbrainz_pipeline_duckdb, task_id=create_schema, execution_date=20250220T235744, start_date=20250220T235745, end_date=20250220T235746
[2025-02-20T23:57:46.058+0000] {local_task_job.py:208} INFO - Task exited with return code 0
[2025-02-20T23:57:46.117+0000] {taskinstance.py:2578} INFO - 1 downstream tasks scheduled from follow-on schedule check
