[2025-02-21T14:04:57.389+0000] {taskinstance.py:1083} INFO - Dependencies all met for <TaskInstance: listenbrainz_dynamic_pipeline.process_file.parse scheduled__2025-01-01T00:00:00+00:00 map_index=0 [queued]>
[2025-02-21T14:04:57.395+0000] {taskinstance.py:1083} INFO - Dependencies all met for <TaskInstance: listenbrainz_dynamic_pipeline.process_file.parse scheduled__2025-01-01T00:00:00+00:00 map_index=0 [queued]>
[2025-02-21T14:04:57.395+0000] {taskinstance.py:1279} INFO - 
--------------------------------------------------------------------------------
[2025-02-21T14:04:57.396+0000] {taskinstance.py:1280} INFO - Starting attempt 1 of 2
[2025-02-21T14:04:57.396+0000] {taskinstance.py:1281} INFO - 
--------------------------------------------------------------------------------
[2025-02-21T14:04:57.406+0000] {taskinstance.py:1300} INFO - Executing <Task(_PythonDecoratedOperator): process_file.parse> on 2025-01-01 00:00:00+00:00
[2025-02-21T14:04:57.409+0000] {standard_task_runner.py:55} INFO - Started process 234 to run task
[2025-02-21T14:04:57.411+0000] {standard_task_runner.py:82} INFO - Running: ['***', 'tasks', 'run', 'listenbrainz_dynamic_pipeline', 'process_file.parse', 'scheduled__2025-01-01T00:00:00+00:00', '--job-id', '5', '--raw', '--subdir', 'DAGS_FOLDER/listenbrainz_dag.py', '--cfg-path', '/tmp/tmpj6ki1wi0', '--map-index', '0']
[2025-02-21T14:04:57.412+0000] {standard_task_runner.py:83} INFO - Job 5: Subtask process_file.parse
[2025-02-21T14:04:57.464+0000] {task_command.py:388} INFO - Running <TaskInstance: listenbrainz_dynamic_pipeline.process_file.parse scheduled__2025-01-01T00:00:00+00:00 map_index=0 [running]> on host 5b6f74597018
[2025-02-21T14:04:57.533+0000] {taskinstance.py:1509} INFO - Exporting the following env vars:
AIRFLOW_CTX_DAG_OWNER=***
AIRFLOW_CTX_DAG_ID=listenbrainz_dynamic_pipeline
AIRFLOW_CTX_TASK_ID=process_file.parse
AIRFLOW_CTX_EXECUTION_DATE=2025-01-01T00:00:00+00:00
AIRFLOW_CTX_TRY_NUMBER=1
AIRFLOW_CTX_DAG_RUN_ID=scheduled__2025-01-01T00:00:00+00:00
[2025-02-21T14:04:58.167+0000] {unified_pipeline.py:97} INFO - parse_json_to_csv done. Wrote 8 rows, skipped 0.
[2025-02-21T14:04:58.167+0000] {listenbrainz_dag.py:83} INFO - Parsed /data/raw/sample-data-2.json into /data/intermediate/MappedArgument(_input=DictOfListsExpandInput(value={'file_path': XComArg(<Task(_PythonDecoratedOperator): list_new_files>)}), _key='file_path').csv.
[2025-02-21T14:04:58.167+0000] {python.py:177} INFO - Done. Returned value was: None
[2025-02-21T14:04:58.177+0000] {taskinstance.py:1323} INFO - Marking task as SUCCESS. dag_id=listenbrainz_dynamic_pipeline, task_id=process_file.parse, map_index=0, execution_date=20250101T000000, start_date=20250221T140457, end_date=20250221T140458
[2025-02-21T14:04:58.224+0000] {local_task_job.py:208} INFO - Task exited with return code 0
[2025-02-21T14:04:58.273+0000] {taskinstance.py:2578} INFO - 1 downstream tasks scheduled from follow-on schedule check
[2025-02-21T14:25:19.725+0000] {taskinstance.py:1083} INFO - Dependencies all met for <TaskInstance: listenbrainz_dynamic_pipeline.process_file.parse scheduled__2025-01-01T00:00:00+00:00 map_index=0 [queued]>
[2025-02-21T14:25:19.732+0000] {taskinstance.py:1083} INFO - Dependencies all met for <TaskInstance: listenbrainz_dynamic_pipeline.process_file.parse scheduled__2025-01-01T00:00:00+00:00 map_index=0 [queued]>
[2025-02-21T14:25:19.732+0000] {taskinstance.py:1279} INFO - 
--------------------------------------------------------------------------------
[2025-02-21T14:25:19.732+0000] {taskinstance.py:1280} INFO - Starting attempt 1 of 2
[2025-02-21T14:25:19.732+0000] {taskinstance.py:1281} INFO - 
--------------------------------------------------------------------------------
[2025-02-21T14:25:19.743+0000] {taskinstance.py:1300} INFO - Executing <Task(_PythonDecoratedOperator): process_file.parse> on 2025-01-01 00:00:00+00:00
[2025-02-21T14:25:19.746+0000] {standard_task_runner.py:55} INFO - Started process 325 to run task
[2025-02-21T14:25:19.748+0000] {standard_task_runner.py:82} INFO - Running: ['***', 'tasks', 'run', 'listenbrainz_dynamic_pipeline', 'process_file.parse', 'scheduled__2025-01-01T00:00:00+00:00', '--job-id', '8', '--raw', '--subdir', 'DAGS_FOLDER/listenbrainz_dag.py', '--cfg-path', '/tmp/tmpxll4vvuh', '--map-index', '0']
[2025-02-21T14:25:19.749+0000] {standard_task_runner.py:83} INFO - Job 8: Subtask process_file.parse
[2025-02-21T14:25:19.804+0000] {task_command.py:388} INFO - Running <TaskInstance: listenbrainz_dynamic_pipeline.process_file.parse scheduled__2025-01-01T00:00:00+00:00 map_index=0 [running]> on host 67bebaff4560
[2025-02-21T14:25:19.876+0000] {taskinstance.py:1509} INFO - Exporting the following env vars:
AIRFLOW_CTX_DAG_OWNER=***
AIRFLOW_CTX_DAG_ID=listenbrainz_dynamic_pipeline
AIRFLOW_CTX_TASK_ID=process_file.parse
AIRFLOW_CTX_EXECUTION_DATE=2025-01-01T00:00:00+00:00
AIRFLOW_CTX_TRY_NUMBER=1
AIRFLOW_CTX_DAG_RUN_ID=scheduled__2025-01-01T00:00:00+00:00
[2025-02-21T14:25:20.531+0000] {unified_pipeline.py:97} INFO - parse_json_to_csv done. Wrote 8 rows, skipped 0.
[2025-02-21T14:25:20.532+0000] {listenbrainz_dag.py:76} INFO - Parsed /data/raw/sample-data-2.json into /data/intermediate/MappedArgument(_input=DictOfListsExpandInput(value={'file_path': XComArg(<Task(_PythonDecoratedOperator): list_new_files>)}), _key='file_path').csv.
[2025-02-21T14:25:20.532+0000] {python.py:177} INFO - Done. Returned value was: None
[2025-02-21T14:25:20.543+0000] {taskinstance.py:1323} INFO - Marking task as SUCCESS. dag_id=listenbrainz_dynamic_pipeline, task_id=process_file.parse, map_index=0, execution_date=20250101T000000, start_date=20250221T142519, end_date=20250221T142520
[2025-02-21T14:25:20.601+0000] {local_task_job.py:208} INFO - Task exited with return code 0
[2025-02-21T14:25:20.680+0000] {taskinstance.py:2578} INFO - 1 downstream tasks scheduled from follow-on schedule check
