[2025-02-21T00:14:58.492+0000] {taskinstance.py:1083} INFO - Dependencies all met for <TaskInstance: listenbrainz_pipeline_duckdb.upsert_dims manual__2025-02-21T00:13:34.043637+00:00 [queued]>
[2025-02-21T00:14:58.504+0000] {taskinstance.py:1083} INFO - Dependencies all met for <TaskInstance: listenbrainz_pipeline_duckdb.upsert_dims manual__2025-02-21T00:13:34.043637+00:00 [queued]>
[2025-02-21T00:14:58.504+0000] {taskinstance.py:1279} INFO - 
--------------------------------------------------------------------------------
[2025-02-21T00:14:58.504+0000] {taskinstance.py:1280} INFO - Starting attempt 1 of 2
[2025-02-21T00:14:58.504+0000] {taskinstance.py:1281} INFO - 
--------------------------------------------------------------------------------
[2025-02-21T00:14:58.522+0000] {taskinstance.py:1300} INFO - Executing <Task(PythonOperator): upsert_dims> on 2025-02-21 00:13:34.043637+00:00
[2025-02-21T00:14:58.529+0000] {standard_task_runner.py:55} INFO - Started process 358 to run task
[2025-02-21T00:14:58.532+0000] {standard_task_runner.py:82} INFO - Running: ['***', 'tasks', 'run', 'listenbrainz_pipeline_duckdb', 'upsert_dims', 'manual__2025-02-21T00:13:34.043637+00:00', '--job-id', '7', '--raw', '--subdir', 'DAGS_FOLDER/listenbrainz_dag.py', '--cfg-path', '/tmp/tmp3avs57q5']
[2025-02-21T00:14:58.534+0000] {standard_task_runner.py:83} INFO - Job 7: Subtask upsert_dims
[2025-02-21T00:14:58.641+0000] {task_command.py:388} INFO - Running <TaskInstance: listenbrainz_pipeline_duckdb.upsert_dims manual__2025-02-21T00:13:34.043637+00:00 [running]> on host 2f3c21c21995
[2025-02-21T00:14:58.797+0000] {taskinstance.py:1509} INFO - Exporting the following env vars:
AIRFLOW_CTX_DAG_OWNER=***
AIRFLOW_CTX_DAG_ID=listenbrainz_pipeline_duckdb
AIRFLOW_CTX_TASK_ID=upsert_dims
AIRFLOW_CTX_EXECUTION_DATE=2025-02-21T00:13:34.043637+00:00
AIRFLOW_CTX_TRY_NUMBER=1
AIRFLOW_CTX_DAG_RUN_ID=manual__2025-02-21T00:13:34.043637+00:00
[2025-02-21T00:14:59.726+0000] {unified_pipeline.py:180} INFO - Upserted dim_user, dim_track.
[2025-02-21T00:14:59.727+0000] {python.py:177} INFO - Done. Returned value was: None
[2025-02-21T00:14:59.743+0000] {taskinstance.py:1323} INFO - Marking task as SUCCESS. dag_id=listenbrainz_pipeline_duckdb, task_id=upsert_dims, execution_date=20250221T001334, start_date=20250221T001458, end_date=20250221T001459
[2025-02-21T00:14:59.786+0000] {local_task_job.py:208} INFO - Task exited with return code 0
[2025-02-21T00:14:59.822+0000] {taskinstance.py:2578} INFO - 1 downstream tasks scheduled from follow-on schedule check
