[2025-02-21T14:29:57.734+0000] {taskinstance.py:1083} INFO - Dependencies all met for <TaskInstance: listenbrainz_dynamic_pipeline_sequential.process_file__2.load scheduled__2025-01-01T00:00:00+00:00 [queued]>
[2025-02-21T14:29:57.741+0000] {taskinstance.py:1083} INFO - Dependencies all met for <TaskInstance: listenbrainz_dynamic_pipeline_sequential.process_file__2.load scheduled__2025-01-01T00:00:00+00:00 [queued]>
[2025-02-21T14:29:57.741+0000] {taskinstance.py:1279} INFO - 
--------------------------------------------------------------------------------
[2025-02-21T14:29:57.742+0000] {taskinstance.py:1280} INFO - Starting attempt 1 of 2
[2025-02-21T14:29:57.742+0000] {taskinstance.py:1281} INFO - 
--------------------------------------------------------------------------------
[2025-02-21T14:29:57.751+0000] {taskinstance.py:1300} INFO - Executing <Task(_PythonDecoratedOperator): process_file__2.load> on 2025-01-01 00:00:00+00:00
[2025-02-21T14:29:57.755+0000] {standard_task_runner.py:55} INFO - Started process 626 to run task
[2025-02-21T14:29:57.757+0000] {standard_task_runner.py:82} INFO - Running: ['***', 'tasks', 'run', 'listenbrainz_dynamic_pipeline_sequential', 'process_file__2.load', 'scheduled__2025-01-01T00:00:00+00:00', '--job-id', '29', '--raw', '--subdir', 'DAGS_FOLDER/listenbrainz_dag.py', '--cfg-path', '/tmp/tmpw9uyno_g']
[2025-02-21T14:29:57.758+0000] {standard_task_runner.py:83} INFO - Job 29: Subtask process_file__2.load
[2025-02-21T14:29:57.806+0000] {task_command.py:388} INFO - Running <TaskInstance: listenbrainz_dynamic_pipeline_sequential.process_file__2.load scheduled__2025-01-01T00:00:00+00:00 [running]> on host 3c1a83f589ff
[2025-02-21T14:29:57.862+0000] {taskinstance.py:1509} INFO - Exporting the following env vars:
AIRFLOW_CTX_DAG_OWNER=***
AIRFLOW_CTX_DAG_ID=listenbrainz_dynamic_pipeline_sequential
AIRFLOW_CTX_TASK_ID=process_file__2.load
AIRFLOW_CTX_EXECUTION_DATE=2025-01-01T00:00:00+00:00
AIRFLOW_CTX_TRY_NUMBER=1
AIRFLOW_CTX_DAG_RUN_ID=scheduled__2025-01-01T00:00:00+00:00
[2025-02-21T14:29:58.297+0000] {logging_mixin.py:137} WARNING - /home/***/.local/lib/python3.7/site-packages/pandas/io/sql.py:1809 SAWarning: Did not recognize type 'varchar' of column 'user_id'
[2025-02-21T14:29:58.297+0000] {logging_mixin.py:137} WARNING - /home/***/.local/lib/python3.7/site-packages/pandas/io/sql.py:1809 SAWarning: Did not recognize type 'varchar' of column 'track_id'
[2025-02-21T14:29:58.298+0000] {logging_mixin.py:137} WARNING - /home/***/.local/lib/python3.7/site-packages/pandas/io/sql.py:1809 SAWarning: Did not recognize type 'varchar' of column 'track_name'
[2025-02-21T14:29:58.298+0000] {logging_mixin.py:137} WARNING - /home/***/.local/lib/python3.7/site-packages/pandas/io/sql.py:1809 SAWarning: Did not recognize type 'varchar' of column 'artist_name'
[2025-02-21T14:29:58.309+0000] {logging_mixin.py:137} WARNING - /home/***/.local/lib/python3.7/site-packages/duckdb_engine/__init__.py:183 DuckDBEngineWarning: duckdb-engine doesn't yet support reflection on indices
[2025-02-21T14:30:04.043+0000] {unified_pipeline.py:126} INFO - Chunk 1: inserted 50000 rows into stg_listens, total 50000.
[2025-02-21T14:30:10.037+0000] {unified_pipeline.py:126} INFO - Chunk 2: inserted 50000 rows into stg_listens, total 100000.
[2025-02-21T14:30:15.917+0000] {unified_pipeline.py:126} INFO - Chunk 3: inserted 50000 rows into stg_listens, total 150000.
[2025-02-21T14:30:21.788+0000] {unified_pipeline.py:126} INFO - Chunk 4: inserted 50000 rows into stg_listens, total 200000.
[2025-02-21T14:30:27.829+0000] {unified_pipeline.py:126} INFO - Chunk 5: inserted 50000 rows into stg_listens, total 250000.
[2025-02-21T14:30:33.650+0000] {unified_pipeline.py:126} INFO - Chunk 6: inserted 50000 rows into stg_listens, total 300000.
[2025-02-21T14:30:37.640+0000] {unified_pipeline.py:126} INFO - Chunk 7: inserted 33034 rows into stg_listens, total 333034.
[2025-02-21T14:30:37.640+0000] {unified_pipeline.py:128} INFO - All chunks inserted into stg_listens. Total 333034 rows.
[2025-02-21T14:30:37.641+0000] {listenbrainz_dag.py:71} INFO - Loaded CSV /data/intermediate/sample-data.csv into staging table.
[2025-02-21T14:30:37.641+0000] {python.py:177} INFO - Done. Returned value was: None
[2025-02-21T14:30:37.651+0000] {taskinstance.py:1323} INFO - Marking task as SUCCESS. dag_id=listenbrainz_dynamic_pipeline_sequential, task_id=process_file__2.load, execution_date=20250101T000000, start_date=20250221T142957, end_date=20250221T143037
[2025-02-21T14:30:37.689+0000] {local_task_job.py:208} INFO - Task exited with return code 0
[2025-02-21T14:30:37.735+0000] {taskinstance.py:2578} INFO - 0 downstream tasks scheduled from follow-on schedule check
