[2025-02-21T13:07:16.671+0000] {taskinstance.py:1083} INFO - Dependencies all met for <TaskInstance: listenbrainz_pipeline_duckdb.create_schema manual__2025-02-21T13:07:15.931035+00:00 [queued]>
[2025-02-21T13:07:16.677+0000] {taskinstance.py:1083} INFO - Dependencies all met for <TaskInstance: listenbrainz_pipeline_duckdb.create_schema manual__2025-02-21T13:07:15.931035+00:00 [queued]>
[2025-02-21T13:07:16.678+0000] {taskinstance.py:1279} INFO - 
--------------------------------------------------------------------------------
[2025-02-21T13:07:16.678+0000] {taskinstance.py:1280} INFO - Starting attempt 1 of 2
[2025-02-21T13:07:16.678+0000] {taskinstance.py:1281} INFO - 
--------------------------------------------------------------------------------
[2025-02-21T13:07:16.689+0000] {taskinstance.py:1300} INFO - Executing <Task(PythonOperator): create_schema> on 2025-02-21 13:07:15.931035+00:00
[2025-02-21T13:07:16.692+0000] {standard_task_runner.py:55} INFO - Started process 256 to run task
[2025-02-21T13:07:16.694+0000] {standard_task_runner.py:82} INFO - Running: ['***', 'tasks', 'run', 'listenbrainz_pipeline_duckdb', 'create_schema', 'manual__2025-02-21T13:07:15.931035+00:00', '--job-id', '4', '--raw', '--subdir', 'DAGS_FOLDER/listenbrainz_dag.py', '--cfg-path', '/tmp/tmpkx58v72u']
[2025-02-21T13:07:16.695+0000] {standard_task_runner.py:83} INFO - Job 4: Subtask create_schema
[2025-02-21T13:07:16.746+0000] {task_command.py:388} INFO - Running <TaskInstance: listenbrainz_pipeline_duckdb.create_schema manual__2025-02-21T13:07:15.931035+00:00 [running]> on host 74154169cff7
[2025-02-21T13:07:16.805+0000] {taskinstance.py:1509} INFO - Exporting the following env vars:
AIRFLOW_CTX_DAG_OWNER=***
AIRFLOW_CTX_DAG_ID=listenbrainz_pipeline_duckdb
AIRFLOW_CTX_TASK_ID=create_schema
AIRFLOW_CTX_EXECUTION_DATE=2025-02-21T13:07:15.931035+00:00
AIRFLOW_CTX_TRY_NUMBER=1
AIRFLOW_CTX_DAG_RUN_ID=manual__2025-02-21T13:07:15.931035+00:00
[2025-02-21T13:07:16.955+0000] {listenbrainz_dag.py:56} INFO - Schema created.
[2025-02-21T13:07:16.955+0000] {python.py:177} INFO - Done. Returned value was: None
[2025-02-21T13:07:16.964+0000] {taskinstance.py:1323} INFO - Marking task as SUCCESS. dag_id=listenbrainz_pipeline_duckdb, task_id=create_schema, execution_date=20250221T130715, start_date=20250221T130716, end_date=20250221T130716
[2025-02-21T13:07:16.986+0000] {local_task_job.py:208} INFO - Task exited with return code 0
[2025-02-21T13:07:17.010+0000] {taskinstance.py:2578} INFO - 1 downstream tasks scheduled from follow-on schedule check
