[2025-02-21T14:04:58.551+0000] {taskinstance.py:1083} INFO - Dependencies all met for <TaskInstance: listenbrainz_dynamic_pipeline.process_file.parse scheduled__2025-01-01T00:00:00+00:00 map_index=1 [queued]>
[2025-02-21T14:04:58.557+0000] {taskinstance.py:1083} INFO - Dependencies all met for <TaskInstance: listenbrainz_dynamic_pipeline.process_file.parse scheduled__2025-01-01T00:00:00+00:00 map_index=1 [queued]>
[2025-02-21T14:04:58.557+0000] {taskinstance.py:1279} INFO - 
--------------------------------------------------------------------------------
[2025-02-21T14:04:58.558+0000] {taskinstance.py:1280} INFO - Starting attempt 1 of 2
[2025-02-21T14:04:58.558+0000] {taskinstance.py:1281} INFO - 
--------------------------------------------------------------------------------
[2025-02-21T14:04:58.568+0000] {taskinstance.py:1300} INFO - Executing <Task(_PythonDecoratedOperator): process_file.parse> on 2025-01-01 00:00:00+00:00
[2025-02-21T14:04:58.572+0000] {standard_task_runner.py:55} INFO - Started process 237 to run task
[2025-02-21T14:04:58.573+0000] {standard_task_runner.py:82} INFO - Running: ['***', 'tasks', 'run', 'listenbrainz_dynamic_pipeline', 'process_file.parse', 'scheduled__2025-01-01T00:00:00+00:00', '--job-id', '6', '--raw', '--subdir', 'DAGS_FOLDER/listenbrainz_dag.py', '--cfg-path', '/tmp/tmpvs7zx0bl', '--map-index', '1']
[2025-02-21T14:04:58.574+0000] {standard_task_runner.py:83} INFO - Job 6: Subtask process_file.parse
[2025-02-21T14:04:58.627+0000] {task_command.py:388} INFO - Running <TaskInstance: listenbrainz_dynamic_pipeline.process_file.parse scheduled__2025-01-01T00:00:00+00:00 map_index=1 [running]> on host 5b6f74597018
[2025-02-21T14:04:58.696+0000] {taskinstance.py:1509} INFO - Exporting the following env vars:
AIRFLOW_CTX_DAG_OWNER=***
AIRFLOW_CTX_DAG_ID=listenbrainz_dynamic_pipeline
AIRFLOW_CTX_TASK_ID=process_file.parse
AIRFLOW_CTX_EXECUTION_DATE=2025-01-01T00:00:00+00:00
AIRFLOW_CTX_TRY_NUMBER=1
AIRFLOW_CTX_DAG_RUN_ID=scheduled__2025-01-01T00:00:00+00:00
[2025-02-21T14:05:03.941+0000] {unified_pipeline.py:97} INFO - parse_json_to_csv done. Wrote 333034 rows, skipped 0.
[2025-02-21T14:05:03.945+0000] {listenbrainz_dag.py:83} INFO - Parsed /data/raw/sample-data.json into /data/intermediate/MappedArgument(_input=DictOfListsExpandInput(value={'file_path': XComArg(<Task(_PythonDecoratedOperator): list_new_files>)}), _key='file_path').csv.
[2025-02-21T14:05:03.945+0000] {python.py:177} INFO - Done. Returned value was: None
[2025-02-21T14:05:03.955+0000] {taskinstance.py:1323} INFO - Marking task as SUCCESS. dag_id=listenbrainz_dynamic_pipeline, task_id=process_file.parse, map_index=1, execution_date=20250101T000000, start_date=20250221T140458, end_date=20250221T140503
[2025-02-21T14:05:03.995+0000] {local_task_job.py:208} INFO - Task exited with return code 0
[2025-02-21T14:05:04.036+0000] {taskinstance.py:2578} INFO - 1 downstream tasks scheduled from follow-on schedule check
[2025-02-21T14:25:21.057+0000] {taskinstance.py:1083} INFO - Dependencies all met for <TaskInstance: listenbrainz_dynamic_pipeline.process_file.parse scheduled__2025-01-01T00:00:00+00:00 map_index=1 [queued]>
[2025-02-21T14:25:21.065+0000] {taskinstance.py:1083} INFO - Dependencies all met for <TaskInstance: listenbrainz_dynamic_pipeline.process_file.parse scheduled__2025-01-01T00:00:00+00:00 map_index=1 [queued]>
[2025-02-21T14:25:21.065+0000] {taskinstance.py:1279} INFO - 
--------------------------------------------------------------------------------
[2025-02-21T14:25:21.066+0000] {taskinstance.py:1280} INFO - Starting attempt 1 of 2
[2025-02-21T14:25:21.066+0000] {taskinstance.py:1281} INFO - 
--------------------------------------------------------------------------------
[2025-02-21T14:25:21.077+0000] {taskinstance.py:1300} INFO - Executing <Task(_PythonDecoratedOperator): process_file.parse> on 2025-01-01 00:00:00+00:00
[2025-02-21T14:25:21.081+0000] {standard_task_runner.py:55} INFO - Started process 328 to run task
[2025-02-21T14:25:21.083+0000] {standard_task_runner.py:82} INFO - Running: ['***', 'tasks', 'run', 'listenbrainz_dynamic_pipeline', 'process_file.parse', 'scheduled__2025-01-01T00:00:00+00:00', '--job-id', '9', '--raw', '--subdir', 'DAGS_FOLDER/listenbrainz_dag.py', '--cfg-path', '/tmp/tmp7t47ppxz', '--map-index', '1']
[2025-02-21T14:25:21.084+0000] {standard_task_runner.py:83} INFO - Job 9: Subtask process_file.parse
[2025-02-21T14:25:21.138+0000] {task_command.py:388} INFO - Running <TaskInstance: listenbrainz_dynamic_pipeline.process_file.parse scheduled__2025-01-01T00:00:00+00:00 map_index=1 [running]> on host 67bebaff4560
[2025-02-21T14:25:21.209+0000] {taskinstance.py:1509} INFO - Exporting the following env vars:
AIRFLOW_CTX_DAG_OWNER=***
AIRFLOW_CTX_DAG_ID=listenbrainz_dynamic_pipeline
AIRFLOW_CTX_TASK_ID=process_file.parse
AIRFLOW_CTX_EXECUTION_DATE=2025-01-01T00:00:00+00:00
AIRFLOW_CTX_TRY_NUMBER=1
AIRFLOW_CTX_DAG_RUN_ID=scheduled__2025-01-01T00:00:00+00:00
[2025-02-21T14:25:21.458+0000] {unified_pipeline.py:97} INFO - parse_json_to_csv done. Wrote 8 rows, skipped 0.
[2025-02-21T14:25:21.458+0000] {listenbrainz_dag.py:76} INFO - Parsed /data/raw/sample-data-3.json into /data/intermediate/MappedArgument(_input=DictOfListsExpandInput(value={'file_path': XComArg(<Task(_PythonDecoratedOperator): list_new_files>)}), _key='file_path').csv.
[2025-02-21T14:25:21.458+0000] {python.py:177} INFO - Done. Returned value was: None
[2025-02-21T14:25:21.469+0000] {taskinstance.py:1323} INFO - Marking task as SUCCESS. dag_id=listenbrainz_dynamic_pipeline, task_id=process_file.parse, map_index=1, execution_date=20250101T000000, start_date=20250221T142521, end_date=20250221T142521
[2025-02-21T14:25:21.495+0000] {local_task_job.py:208} INFO - Task exited with return code 0
[2025-02-21T14:25:21.548+0000] {taskinstance.py:2578} INFO - 1 downstream tasks scheduled from follow-on schedule check
