[2025-02-20T23:57:57.483+0000] {taskinstance.py:1083} INFO - Dependencies all met for <TaskInstance: listenbrainz_pipeline_duckdb.load_csv manual__2025-02-20T23:57:44.074247+00:00 [queued]>
[2025-02-20T23:57:57.495+0000] {taskinstance.py:1083} INFO - Dependencies all met for <TaskInstance: listenbrainz_pipeline_duckdb.load_csv manual__2025-02-20T23:57:44.074247+00:00 [queued]>
[2025-02-20T23:57:57.495+0000] {taskinstance.py:1279} INFO - 
--------------------------------------------------------------------------------
[2025-02-20T23:57:57.495+0000] {taskinstance.py:1280} INFO - Starting attempt 1 of 2
[2025-02-20T23:57:57.495+0000] {taskinstance.py:1281} INFO - 
--------------------------------------------------------------------------------
[2025-02-20T23:57:57.514+0000] {taskinstance.py:1300} INFO - Executing <Task(PythonOperator): load_csv> on 2025-02-20 23:57:44.074247+00:00
[2025-02-20T23:57:57.522+0000] {standard_task_runner.py:55} INFO - Started process 250 to run task
[2025-02-20T23:57:57.524+0000] {standard_task_runner.py:82} INFO - Running: ['***', 'tasks', 'run', 'listenbrainz_pipeline_duckdb', 'load_csv', 'manual__2025-02-20T23:57:44.074247+00:00', '--job-id', '5', '--raw', '--subdir', 'DAGS_FOLDER/listenbrainz_dag.py', '--cfg-path', '/tmp/tmp3k4m3whl']
[2025-02-20T23:57:57.526+0000] {standard_task_runner.py:83} INFO - Job 5: Subtask load_csv
[2025-02-20T23:57:57.613+0000] {task_command.py:388} INFO - Running <TaskInstance: listenbrainz_pipeline_duckdb.load_csv manual__2025-02-20T23:57:44.074247+00:00 [running]> on host 80fe7ff0e0c3
[2025-02-20T23:57:57.724+0000] {taskinstance.py:1509} INFO - Exporting the following env vars:
AIRFLOW_CTX_DAG_OWNER=***
AIRFLOW_CTX_DAG_ID=listenbrainz_pipeline_duckdb
AIRFLOW_CTX_TASK_ID=load_csv
AIRFLOW_CTX_EXECUTION_DATE=2025-02-20T23:57:44.074247+00:00
AIRFLOW_CTX_TRY_NUMBER=1
AIRFLOW_CTX_DAG_RUN_ID=manual__2025-02-20T23:57:44.074247+00:00
[2025-02-20T23:58:07.866+0000] {unified_pipeline.py:102} INFO - Chunk 1: inserted 50000 rows into stg_listens, total 50000.
[2025-02-20T23:58:17.696+0000] {unified_pipeline.py:102} INFO - Chunk 2: inserted 50000 rows into stg_listens, total 100000.
[2025-02-20T23:58:27.998+0000] {unified_pipeline.py:102} INFO - Chunk 3: inserted 50000 rows into stg_listens, total 150000.
[2025-02-20T23:58:38.295+0000] {unified_pipeline.py:102} INFO - Chunk 4: inserted 50000 rows into stg_listens, total 200000.
[2025-02-20T23:58:47.862+0000] {unified_pipeline.py:102} INFO - Chunk 5: inserted 50000 rows into stg_listens, total 250000.
[2025-02-20T23:58:57.781+0000] {unified_pipeline.py:102} INFO - Chunk 6: inserted 50000 rows into stg_listens, total 300000.
[2025-02-20T23:59:04.527+0000] {unified_pipeline.py:102} INFO - Chunk 7: inserted 33034 rows into stg_listens, total 333034.
[2025-02-20T23:59:04.528+0000] {unified_pipeline.py:104} INFO - All chunks inserted into stg_listens. Total 333034 rows.
[2025-02-20T23:59:04.529+0000] {python.py:177} INFO - Done. Returned value was: None
[2025-02-20T23:59:04.546+0000] {taskinstance.py:1323} INFO - Marking task as SUCCESS. dag_id=listenbrainz_pipeline_duckdb, task_id=load_csv, execution_date=20250220T235744, start_date=20250220T235757, end_date=20250220T235904
[2025-02-20T23:59:04.597+0000] {local_task_job.py:208} INFO - Task exited with return code 0
[2025-02-20T23:59:04.688+0000] {taskinstance.py:2578} INFO - 1 downstream tasks scheduled from follow-on schedule check
