[2025-02-21T14:34:06.951+0000] {taskinstance.py:1083} INFO - Dependencies all met for <TaskInstance: listenbrainz_dynamic_pipeline_sequential.process_file.dedup manual__2025-02-21T14:34:02.964740+00:00 [queued]>
[2025-02-21T14:34:06.958+0000] {taskinstance.py:1083} INFO - Dependencies all met for <TaskInstance: listenbrainz_dynamic_pipeline_sequential.process_file.dedup manual__2025-02-21T14:34:02.964740+00:00 [queued]>
[2025-02-21T14:34:06.958+0000] {taskinstance.py:1279} INFO - 
--------------------------------------------------------------------------------
[2025-02-21T14:34:06.958+0000] {taskinstance.py:1280} INFO - Starting attempt 1 of 2
[2025-02-21T14:34:06.958+0000] {taskinstance.py:1281} INFO - 
--------------------------------------------------------------------------------
[2025-02-21T14:34:06.968+0000] {taskinstance.py:1300} INFO - Executing <Task(_PythonDecoratedOperator): process_file.dedup> on 2025-02-21 14:34:02.964740+00:00
[2025-02-21T14:34:06.972+0000] {standard_task_runner.py:55} INFO - Started process 960 to run task
[2025-02-21T14:34:06.973+0000] {standard_task_runner.py:82} INFO - Running: ['***', 'tasks', 'run', 'listenbrainz_dynamic_pipeline_sequential', 'process_file.dedup', 'manual__2025-02-21T14:34:02.964740+00:00', '--job-id', '36', '--raw', '--subdir', 'DAGS_FOLDER/listenbrainz_dag.py', '--cfg-path', '/tmp/tmp1mnxuupm']
[2025-02-21T14:34:06.974+0000] {standard_task_runner.py:83} INFO - Job 36: Subtask process_file.dedup
[2025-02-21T14:34:07.028+0000] {task_command.py:388} INFO - Running <TaskInstance: listenbrainz_dynamic_pipeline_sequential.process_file.dedup manual__2025-02-21T14:34:02.964740+00:00 [running]> on host 3c1a83f589ff
[2025-02-21T14:34:07.088+0000] {taskinstance.py:1509} INFO - Exporting the following env vars:
AIRFLOW_CTX_DAG_OWNER=***
AIRFLOW_CTX_DAG_ID=listenbrainz_dynamic_pipeline_sequential
AIRFLOW_CTX_TASK_ID=process_file.dedup
AIRFLOW_CTX_EXECUTION_DATE=2025-02-21T14:34:02.964740+00:00
AIRFLOW_CTX_TRY_NUMBER=1
AIRFLOW_CTX_DAG_RUN_ID=manual__2025-02-21T14:34:02.964740+00:00
[2025-02-21T14:34:07.379+0000] {unified_pipeline.py:144} INFO - Starting deduplication process.
[2025-02-21T14:34:07.385+0000] {unified_pipeline.py:161} INFO - deduplicate: created stg_listens_dedup from stg_listens in DB.
[2025-02-21T14:34:07.386+0000] {listenbrainz_dag.py:78} INFO - Deduplicated staging data.
[2025-02-21T14:34:07.386+0000] {python.py:177} INFO - Done. Returned value was: None
[2025-02-21T14:34:07.396+0000] {taskinstance.py:1323} INFO - Marking task as SUCCESS. dag_id=listenbrainz_dynamic_pipeline_sequential, task_id=process_file.dedup, execution_date=20250221T143402, start_date=20250221T143406, end_date=20250221T143407
[2025-02-21T14:34:07.425+0000] {local_task_job.py:208} INFO - Task exited with return code 0
[2025-02-21T14:34:07.452+0000] {taskinstance.py:2578} INFO - 1 downstream tasks scheduled from follow-on schedule check
