[2025-02-21T14:06:26.278+0000] {taskinstance.py:1083} INFO - Dependencies all met for <TaskInstance: listenbrainz_dynamic_pipeline.process_file.dedup scheduled__2025-01-01T00:00:00+00:00 map_index=1 [queued]>
[2025-02-21T14:06:26.286+0000] {taskinstance.py:1083} INFO - Dependencies all met for <TaskInstance: listenbrainz_dynamic_pipeline.process_file.dedup scheduled__2025-01-01T00:00:00+00:00 map_index=1 [queued]>
[2025-02-21T14:06:26.287+0000] {taskinstance.py:1279} INFO - 
--------------------------------------------------------------------------------
[2025-02-21T14:06:26.287+0000] {taskinstance.py:1280} INFO - Starting attempt 1 of 2
[2025-02-21T14:06:26.287+0000] {taskinstance.py:1281} INFO - 
--------------------------------------------------------------------------------
[2025-02-21T14:06:26.296+0000] {taskinstance.py:1300} INFO - Executing <Task(_PythonDecoratedOperator): process_file.dedup> on 2025-01-01 00:00:00+00:00
[2025-02-21T14:06:26.300+0000] {standard_task_runner.py:55} INFO - Started process 399 to run task
[2025-02-21T14:06:26.302+0000] {standard_task_runner.py:82} INFO - Running: ['***', 'tasks', 'run', 'listenbrainz_dynamic_pipeline', 'process_file.dedup', 'scheduled__2025-01-01T00:00:00+00:00', '--job-id', '10', '--raw', '--subdir', 'DAGS_FOLDER/listenbrainz_dag.py', '--cfg-path', '/tmp/tmp69np6oux', '--map-index', '1']
[2025-02-21T14:06:26.302+0000] {standard_task_runner.py:83} INFO - Job 10: Subtask process_file.dedup
[2025-02-21T14:06:26.353+0000] {task_command.py:388} INFO - Running <TaskInstance: listenbrainz_dynamic_pipeline.process_file.dedup scheduled__2025-01-01T00:00:00+00:00 map_index=1 [running]> on host 5b6f74597018
[2025-02-21T14:06:26.411+0000] {taskinstance.py:1509} INFO - Exporting the following env vars:
AIRFLOW_CTX_DAG_OWNER=***
AIRFLOW_CTX_DAG_ID=listenbrainz_dynamic_pipeline
AIRFLOW_CTX_TASK_ID=process_file.dedup
AIRFLOW_CTX_EXECUTION_DATE=2025-01-01T00:00:00+00:00
AIRFLOW_CTX_TRY_NUMBER=1
AIRFLOW_CTX_DAG_RUN_ID=scheduled__2025-01-01T00:00:00+00:00
[2025-02-21T14:06:26.692+0000] {unified_pipeline.py:144} INFO - Starting deduplication process.
[2025-02-21T14:06:27.141+0000] {unified_pipeline.py:161} INFO - deduplicate: created stg_listens_dedup from stg_listens in DB.
[2025-02-21T14:06:27.141+0000] {listenbrainz_dag.py:97} INFO - Deduplicated staging data.
[2025-02-21T14:06:27.141+0000] {python.py:177} INFO - Done. Returned value was: None
[2025-02-21T14:06:27.150+0000] {taskinstance.py:1323} INFO - Marking task as SUCCESS. dag_id=listenbrainz_dynamic_pipeline, task_id=process_file.dedup, map_index=1, execution_date=20250101T000000, start_date=20250221T140626, end_date=20250221T140627
[2025-02-21T14:06:27.195+0000] {local_task_job.py:208} INFO - Task exited with return code 0
[2025-02-21T14:06:27.227+0000] {taskinstance.py:2578} INFO - 1 downstream tasks scheduled from follow-on schedule check
