[2025-02-21T14:11:53.303+0000] {taskinstance.py:1083} INFO - Dependencies all met for <TaskInstance: listenbrainz_dynamic_pipeline.process_file.parse manual__2025-02-21T14:11:48.903658+00:00 map_index=2 [queued]>
[2025-02-21T14:11:53.312+0000] {taskinstance.py:1083} INFO - Dependencies all met for <TaskInstance: listenbrainz_dynamic_pipeline.process_file.parse manual__2025-02-21T14:11:48.903658+00:00 map_index=2 [queued]>
[2025-02-21T14:11:53.312+0000] {taskinstance.py:1279} INFO - 
--------------------------------------------------------------------------------
[2025-02-21T14:11:53.312+0000] {taskinstance.py:1280} INFO - Starting attempt 1 of 2
[2025-02-21T14:11:53.312+0000] {taskinstance.py:1281} INFO - 
--------------------------------------------------------------------------------
[2025-02-21T14:11:53.325+0000] {taskinstance.py:1300} INFO - Executing <Task(_PythonDecoratedOperator): process_file.parse> on 2025-02-21 14:11:48.903658+00:00
[2025-02-21T14:11:53.329+0000] {standard_task_runner.py:55} INFO - Started process 776 to run task
[2025-02-21T14:11:53.331+0000] {standard_task_runner.py:82} INFO - Running: ['***', 'tasks', 'run', 'listenbrainz_dynamic_pipeline', 'process_file.parse', 'manual__2025-02-21T14:11:48.903658+00:00', '--job-id', '20', '--raw', '--subdir', 'DAGS_FOLDER/listenbrainz_dag.py', '--cfg-path', '/tmp/tmp8gye40ak', '--map-index', '2']
[2025-02-21T14:11:53.332+0000] {standard_task_runner.py:83} INFO - Job 20: Subtask process_file.parse
[2025-02-21T14:11:53.394+0000] {task_command.py:388} INFO - Running <TaskInstance: listenbrainz_dynamic_pipeline.process_file.parse manual__2025-02-21T14:11:48.903658+00:00 map_index=2 [running]> on host 5b6f74597018
[2025-02-21T14:11:53.470+0000] {taskinstance.py:1509} INFO - Exporting the following env vars:
AIRFLOW_CTX_DAG_OWNER=***
AIRFLOW_CTX_DAG_ID=listenbrainz_dynamic_pipeline
AIRFLOW_CTX_TASK_ID=process_file.parse
AIRFLOW_CTX_EXECUTION_DATE=2025-02-21T14:11:48.903658+00:00
AIRFLOW_CTX_TRY_NUMBER=1
AIRFLOW_CTX_DAG_RUN_ID=manual__2025-02-21T14:11:48.903658+00:00
[2025-02-21T14:11:58.657+0000] {unified_pipeline.py:97} INFO - parse_json_to_csv done. Wrote 333034 rows, skipped 0.
[2025-02-21T14:11:58.657+0000] {listenbrainz_dag.py:83} INFO - Parsed /data/raw/sample-data.json into /data/intermediate/MappedArgument(_input=DictOfListsExpandInput(value={'file_path': XComArg(<Task(_PythonDecoratedOperator): list_new_files>)}), _key='file_path').csv.
[2025-02-21T14:11:58.657+0000] {python.py:177} INFO - Done. Returned value was: None
[2025-02-21T14:11:58.667+0000] {taskinstance.py:1323} INFO - Marking task as SUCCESS. dag_id=listenbrainz_dynamic_pipeline, task_id=process_file.parse, map_index=2, execution_date=20250221T141148, start_date=20250221T141153, end_date=20250221T141158
[2025-02-21T14:11:58.712+0000] {local_task_job.py:208} INFO - Task exited with return code 0
[2025-02-21T14:11:58.761+0000] {taskinstance.py:2578} INFO - 1 downstream tasks scheduled from follow-on schedule check
