[2025-02-21T14:34:03.894+0000] {taskinstance.py:1083} INFO - Dependencies all met for <TaskInstance: listenbrainz_dynamic_pipeline_sequential.create_schema manual__2025-02-21T14:34:02.964740+00:00 [queued]>
[2025-02-21T14:34:03.901+0000] {taskinstance.py:1083} INFO - Dependencies all met for <TaskInstance: listenbrainz_dynamic_pipeline_sequential.create_schema manual__2025-02-21T14:34:02.964740+00:00 [queued]>
[2025-02-21T14:34:03.902+0000] {taskinstance.py:1279} INFO - 
--------------------------------------------------------------------------------
[2025-02-21T14:34:03.902+0000] {taskinstance.py:1280} INFO - Starting attempt 1 of 2
[2025-02-21T14:34:03.902+0000] {taskinstance.py:1281} INFO - 
--------------------------------------------------------------------------------
[2025-02-21T14:34:03.911+0000] {taskinstance.py:1300} INFO - Executing <Task(_PythonDecoratedOperator): create_schema> on 2025-02-21 14:34:02.964740+00:00
[2025-02-21T14:34:03.915+0000] {standard_task_runner.py:55} INFO - Started process 862 to run task
[2025-02-21T14:34:03.917+0000] {standard_task_runner.py:82} INFO - Running: ['***', 'tasks', 'run', 'listenbrainz_dynamic_pipeline_sequential', 'create_schema', 'manual__2025-02-21T14:34:02.964740+00:00', '--job-id', '33', '--raw', '--subdir', 'DAGS_FOLDER/listenbrainz_dag.py', '--cfg-path', '/tmp/tmpnwk3z93x']
[2025-02-21T14:34:03.918+0000] {standard_task_runner.py:83} INFO - Job 33: Subtask create_schema
[2025-02-21T14:34:03.972+0000] {task_command.py:388} INFO - Running <TaskInstance: listenbrainz_dynamic_pipeline_sequential.create_schema manual__2025-02-21T14:34:02.964740+00:00 [running]> on host 3c1a83f589ff
[2025-02-21T14:34:04.033+0000] {taskinstance.py:1509} INFO - Exporting the following env vars:
AIRFLOW_CTX_DAG_OWNER=***
AIRFLOW_CTX_DAG_ID=listenbrainz_dynamic_pipeline_sequential
AIRFLOW_CTX_TASK_ID=create_schema
AIRFLOW_CTX_EXECUTION_DATE=2025-02-21T14:34:02.964740+00:00
AIRFLOW_CTX_TRY_NUMBER=1
AIRFLOW_CTX_DAG_RUN_ID=manual__2025-02-21T14:34:02.964740+00:00
[2025-02-21T14:34:04.104+0000] {listenbrainz_dag.py:46} INFO - Schema created/ensured.
[2025-02-21T14:34:04.104+0000] {python.py:177} INFO - Done. Returned value was: None
[2025-02-21T14:34:04.115+0000] {taskinstance.py:1323} INFO - Marking task as SUCCESS. dag_id=listenbrainz_dynamic_pipeline_sequential, task_id=create_schema, execution_date=20250221T143402, start_date=20250221T143403, end_date=20250221T143404
[2025-02-21T14:34:04.169+0000] {local_task_job.py:208} INFO - Task exited with return code 0
[2025-02-21T14:34:04.188+0000] {dagrun.py:697} ERROR - Failed to get task for ti <TaskInstance: listenbrainz_dynamic_pipeline_sequential.process_file__2.parse manual__2025-02-21T14:34:02.964740+00:00 [None]>. Marking it as removed.
[2025-02-21T14:34:04.190+0000] {dagrun.py:697} ERROR - Failed to get task for ti <TaskInstance: listenbrainz_dynamic_pipeline_sequential.process_file__2.load manual__2025-02-21T14:34:02.964740+00:00 [None]>. Marking it as removed.
[2025-02-21T14:34:04.191+0000] {dagrun.py:697} ERROR - Failed to get task for ti <TaskInstance: listenbrainz_dynamic_pipeline_sequential.process_file__2.dedup manual__2025-02-21T14:34:02.964740+00:00 [None]>. Marking it as removed.
[2025-02-21T14:34:04.191+0000] {dagrun.py:697} ERROR - Failed to get task for ti <TaskInstance: listenbrainz_dynamic_pipeline_sequential.process_file__2.upsert manual__2025-02-21T14:34:02.964740+00:00 [None]>. Marking it as removed.
[2025-02-21T14:34:04.192+0000] {dagrun.py:697} ERROR - Failed to get task for ti <TaskInstance: listenbrainz_dynamic_pipeline_sequential.process_file__2.insert_fact manual__2025-02-21T14:34:02.964740+00:00 [None]>. Marking it as removed.
[2025-02-21T14:34:04.202+0000] {taskinstance.py:2578} INFO - 1 downstream tasks scheduled from follow-on schedule check
