[2025-02-21T15:27:10.680+0000] {taskinstance.py:1083} INFO - Dependencies all met for <TaskInstance: listenbrainz_dynamic_pipeline_sequential.create_schema manual__2025-02-21T15:27:09.953268+00:00 [queued]>
[2025-02-21T15:27:10.686+0000] {taskinstance.py:1083} INFO - Dependencies all met for <TaskInstance: listenbrainz_dynamic_pipeline_sequential.create_schema manual__2025-02-21T15:27:09.953268+00:00 [queued]>
[2025-02-21T15:27:10.686+0000] {taskinstance.py:1279} INFO - 
--------------------------------------------------------------------------------
[2025-02-21T15:27:10.686+0000] {taskinstance.py:1280} INFO - Starting attempt 1 of 2
[2025-02-21T15:27:10.686+0000] {taskinstance.py:1281} INFO - 
--------------------------------------------------------------------------------
[2025-02-21T15:27:10.695+0000] {taskinstance.py:1300} INFO - Executing <Task(_PythonDecoratedOperator): create_schema> on 2025-02-21 15:27:09.953268+00:00
[2025-02-21T15:27:10.698+0000] {standard_task_runner.py:55} INFO - Started process 205 to run task
[2025-02-21T15:27:10.699+0000] {standard_task_runner.py:82} INFO - Running: ['***', 'tasks', 'run', 'listenbrainz_dynamic_pipeline_sequential', 'create_schema', 'manual__2025-02-21T15:27:09.953268+00:00', '--job-id', '3', '--raw', '--subdir', 'DAGS_FOLDER/listenbrainz_dag.py', '--cfg-path', '/tmp/tmptjx58295']
[2025-02-21T15:27:10.700+0000] {standard_task_runner.py:83} INFO - Job 3: Subtask create_schema
[2025-02-21T15:27:10.746+0000] {task_command.py:388} INFO - Running <TaskInstance: listenbrainz_dynamic_pipeline_sequential.create_schema manual__2025-02-21T15:27:09.953268+00:00 [running]> on host 210c644d8f78
[2025-02-21T15:27:10.800+0000] {taskinstance.py:1509} INFO - Exporting the following env vars:
AIRFLOW_CTX_DAG_OWNER=***
AIRFLOW_CTX_DAG_ID=listenbrainz_dynamic_pipeline_sequential
AIRFLOW_CTX_TASK_ID=create_schema
AIRFLOW_CTX_EXECUTION_DATE=2025-02-21T15:27:09.953268+00:00
AIRFLOW_CTX_TRY_NUMBER=1
AIRFLOW_CTX_DAG_RUN_ID=manual__2025-02-21T15:27:09.953268+00:00
[2025-02-21T15:27:10.863+0000] {listenbrainz_dag.py:46} INFO - Schema created/ensured.
[2025-02-21T15:27:10.863+0000] {python.py:177} INFO - Done. Returned value was: None
[2025-02-21T15:27:10.886+0000] {taskinstance.py:1323} INFO - Marking task as SUCCESS. dag_id=listenbrainz_dynamic_pipeline_sequential, task_id=create_schema, execution_date=20250221T152709, start_date=20250221T152710, end_date=20250221T152710
[2025-02-21T15:27:10.911+0000] {local_task_job.py:208} INFO - Task exited with return code 0
[2025-02-21T15:27:10.925+0000] {taskinstance.py:2578} INFO - 0 downstream tasks scheduled from follow-on schedule check
