[2025-02-21T13:12:14.395+0000] {taskinstance.py:1083} INFO - Dependencies all met for <TaskInstance: listenbrainz_pipeline_duckdb.deduplicate manual__2025-02-21T13:11:26.895528+00:00 [queued]>
[2025-02-21T13:12:14.401+0000] {taskinstance.py:1083} INFO - Dependencies all met for <TaskInstance: listenbrainz_pipeline_duckdb.deduplicate manual__2025-02-21T13:11:26.895528+00:00 [queued]>
[2025-02-21T13:12:14.401+0000] {taskinstance.py:1279} INFO - 
--------------------------------------------------------------------------------
[2025-02-21T13:12:14.401+0000] {taskinstance.py:1280} INFO - Starting attempt 1 of 2
[2025-02-21T13:12:14.401+0000] {taskinstance.py:1281} INFO - 
--------------------------------------------------------------------------------
[2025-02-21T13:12:14.411+0000] {taskinstance.py:1300} INFO - Executing <Task(PythonOperator): deduplicate> on 2025-02-21 13:11:26.895528+00:00
[2025-02-21T13:12:14.415+0000] {standard_task_runner.py:55} INFO - Started process 310 to run task
[2025-02-21T13:12:14.417+0000] {standard_task_runner.py:82} INFO - Running: ['***', 'tasks', 'run', 'listenbrainz_pipeline_duckdb', 'deduplicate', 'manual__2025-02-21T13:11:26.895528+00:00', '--job-id', '6', '--raw', '--subdir', 'DAGS_FOLDER/listenbrainz_dag.py', '--cfg-path', '/tmp/tmph47wkuzh']
[2025-02-21T13:12:14.418+0000] {standard_task_runner.py:83} INFO - Job 6: Subtask deduplicate
[2025-02-21T13:12:14.464+0000] {task_command.py:388} INFO - Running <TaskInstance: listenbrainz_pipeline_duckdb.deduplicate manual__2025-02-21T13:11:26.895528+00:00 [running]> on host 0cdba1bb6470
[2025-02-21T13:12:14.517+0000] {taskinstance.py:1509} INFO - Exporting the following env vars:
AIRFLOW_CTX_DAG_OWNER=***
AIRFLOW_CTX_DAG_ID=listenbrainz_pipeline_duckdb
AIRFLOW_CTX_TASK_ID=deduplicate
AIRFLOW_CTX_EXECUTION_DATE=2025-02-21T13:11:26.895528+00:00
AIRFLOW_CTX_TRY_NUMBER=1
AIRFLOW_CTX_DAG_RUN_ID=manual__2025-02-21T13:11:26.895528+00:00
[2025-02-21T13:12:14.762+0000] {unified_pipeline.py:144} INFO - Starting deduplication process.
[2025-02-21T13:12:15.294+0000] {unified_pipeline.py:161} INFO - deduplicate: created stg_listens_dedup from stg_listens in DB.
[2025-02-21T13:12:15.294+0000] {listenbrainz_dag.py:82} INFO - Staging table deduplicated.
[2025-02-21T13:12:15.295+0000] {python.py:177} INFO - Done. Returned value was: None
[2025-02-21T13:12:15.304+0000] {taskinstance.py:1323} INFO - Marking task as SUCCESS. dag_id=listenbrainz_pipeline_duckdb, task_id=deduplicate, execution_date=20250221T131126, start_date=20250221T131214, end_date=20250221T131215
[2025-02-21T13:12:15.351+0000] {local_task_job.py:208} INFO - Task exited with return code 0
[2025-02-21T13:12:15.371+0000] {taskinstance.py:2578} INFO - 1 downstream tasks scheduled from follow-on schedule check
