[2025-02-20T23:57:47.357+0000] {taskinstance.py:1083} INFO - Dependencies all met for <TaskInstance: listenbrainz_pipeline_duckdb.parse_json manual__2025-02-20T23:57:44.074247+00:00 [queued]>
[2025-02-20T23:57:47.368+0000] {taskinstance.py:1083} INFO - Dependencies all met for <TaskInstance: listenbrainz_pipeline_duckdb.parse_json manual__2025-02-20T23:57:44.074247+00:00 [queued]>
[2025-02-20T23:57:47.368+0000] {taskinstance.py:1279} INFO - 
--------------------------------------------------------------------------------
[2025-02-20T23:57:47.368+0000] {taskinstance.py:1280} INFO - Starting attempt 1 of 2
[2025-02-20T23:57:47.368+0000] {taskinstance.py:1281} INFO - 
--------------------------------------------------------------------------------
[2025-02-20T23:57:47.386+0000] {taskinstance.py:1300} INFO - Executing <Task(PythonOperator): parse_json> on 2025-02-20 23:57:44.074247+00:00
[2025-02-20T23:57:47.393+0000] {standard_task_runner.py:55} INFO - Started process 241 to run task
[2025-02-20T23:57:47.395+0000] {standard_task_runner.py:82} INFO - Running: ['***', 'tasks', 'run', 'listenbrainz_pipeline_duckdb', 'parse_json', 'manual__2025-02-20T23:57:44.074247+00:00', '--job-id', '4', '--raw', '--subdir', 'DAGS_FOLDER/listenbrainz_dag.py', '--cfg-path', '/tmp/tmpr0cumipm']
[2025-02-20T23:57:47.397+0000] {standard_task_runner.py:83} INFO - Job 4: Subtask parse_json
[2025-02-20T23:57:47.481+0000] {task_command.py:388} INFO - Running <TaskInstance: listenbrainz_pipeline_duckdb.parse_json manual__2025-02-20T23:57:44.074247+00:00 [running]> on host 80fe7ff0e0c3
[2025-02-20T23:57:47.577+0000] {taskinstance.py:1509} INFO - Exporting the following env vars:
AIRFLOW_CTX_DAG_OWNER=***
AIRFLOW_CTX_DAG_ID=listenbrainz_pipeline_duckdb
AIRFLOW_CTX_TASK_ID=parse_json
AIRFLOW_CTX_EXECUTION_DATE=2025-02-20T23:57:44.074247+00:00
AIRFLOW_CTX_TRY_NUMBER=1
AIRFLOW_CTX_DAG_RUN_ID=manual__2025-02-20T23:57:44.074247+00:00
[2025-02-20T23:57:56.165+0000] {unified_pipeline.py:81} INFO - parse_json_to_csv done. Wrote 333034 rows, skipped 0.
[2025-02-20T23:57:56.165+0000] {python.py:177} INFO - Done. Returned value was: None
[2025-02-20T23:57:56.183+0000] {taskinstance.py:1323} INFO - Marking task as SUCCESS. dag_id=listenbrainz_pipeline_duckdb, task_id=parse_json, execution_date=20250220T235744, start_date=20250220T235747, end_date=20250220T235756
[2025-02-20T23:57:56.368+0000] {local_task_job.py:208} INFO - Task exited with return code 0
[2025-02-20T23:57:56.438+0000] {taskinstance.py:2578} INFO - 1 downstream tasks scheduled from follow-on schedule check
