[2025-02-21T14:06:28.475+0000] {taskinstance.py:1083} INFO - Dependencies all met for <TaskInstance: listenbrainz_dynamic_pipeline.process_file.upsert scheduled__2025-01-01T00:00:00+00:00 map_index=1 [queued]>
[2025-02-21T14:06:28.484+0000] {taskinstance.py:1083} INFO - Dependencies all met for <TaskInstance: listenbrainz_dynamic_pipeline.process_file.upsert scheduled__2025-01-01T00:00:00+00:00 map_index=1 [queued]>
[2025-02-21T14:06:28.484+0000] {taskinstance.py:1279} INFO - 
--------------------------------------------------------------------------------
[2025-02-21T14:06:28.484+0000] {taskinstance.py:1280} INFO - Starting attempt 1 of 2
[2025-02-21T14:06:28.484+0000] {taskinstance.py:1281} INFO - 
--------------------------------------------------------------------------------
[2025-02-21T14:06:28.494+0000] {taskinstance.py:1300} INFO - Executing <Task(_PythonDecoratedOperator): process_file.upsert> on 2025-01-01 00:00:00+00:00
[2025-02-21T14:06:28.497+0000] {standard_task_runner.py:55} INFO - Started process 495 to run task
[2025-02-21T14:06:28.499+0000] {standard_task_runner.py:82} INFO - Running: ['***', 'tasks', 'run', 'listenbrainz_dynamic_pipeline', 'process_file.upsert', 'scheduled__2025-01-01T00:00:00+00:00', '--job-id', '12', '--raw', '--subdir', 'DAGS_FOLDER/listenbrainz_dag.py', '--cfg-path', '/tmp/tmpw9w9qgcz', '--map-index', '1']
[2025-02-21T14:06:28.500+0000] {standard_task_runner.py:83} INFO - Job 12: Subtask process_file.upsert
[2025-02-21T14:06:28.550+0000] {task_command.py:388} INFO - Running <TaskInstance: listenbrainz_dynamic_pipeline.process_file.upsert scheduled__2025-01-01T00:00:00+00:00 map_index=1 [running]> on host 5b6f74597018
[2025-02-21T14:06:28.607+0000] {taskinstance.py:1509} INFO - Exporting the following env vars:
AIRFLOW_CTX_DAG_OWNER=***
AIRFLOW_CTX_DAG_ID=listenbrainz_dynamic_pipeline
AIRFLOW_CTX_TASK_ID=process_file.upsert
AIRFLOW_CTX_EXECUTION_DATE=2025-01-01T00:00:00+00:00
AIRFLOW_CTX_TRY_NUMBER=1
AIRFLOW_CTX_DAG_RUN_ID=scheduled__2025-01-01T00:00:00+00:00
[2025-02-21T14:06:28.929+0000] {unified_pipeline.py:220} INFO - Upserted dim_user and dim_track tables.
[2025-02-21T14:06:28.929+0000] {listenbrainz_dag.py:104} INFO - Upserted dimension tables.
[2025-02-21T14:06:28.929+0000] {python.py:177} INFO - Done. Returned value was: None
[2025-02-21T14:06:28.939+0000] {taskinstance.py:1323} INFO - Marking task as SUCCESS. dag_id=listenbrainz_dynamic_pipeline, task_id=process_file.upsert, map_index=1, execution_date=20250101T000000, start_date=20250221T140628, end_date=20250221T140628
[2025-02-21T14:06:28.991+0000] {local_task_job.py:208} INFO - Task exited with return code 0
[2025-02-21T14:06:29.014+0000] {taskinstance.py:2578} INFO - 1 downstream tasks scheduled from follow-on schedule check
