[2025-02-21T14:11:49.228+0000] {taskinstance.py:1083} INFO - Dependencies all met for <TaskInstance: listenbrainz_dynamic_pipeline.create_schema manual__2025-02-21T14:11:48.903658+00:00 [queued]>
[2025-02-21T14:11:49.236+0000] {taskinstance.py:1083} INFO - Dependencies all met for <TaskInstance: listenbrainz_dynamic_pipeline.create_schema manual__2025-02-21T14:11:48.903658+00:00 [queued]>
[2025-02-21T14:11:49.236+0000] {taskinstance.py:1279} INFO - 
--------------------------------------------------------------------------------
[2025-02-21T14:11:49.236+0000] {taskinstance.py:1280} INFO - Starting attempt 1 of 2
[2025-02-21T14:11:49.236+0000] {taskinstance.py:1281} INFO - 
--------------------------------------------------------------------------------
[2025-02-21T14:11:49.247+0000] {taskinstance.py:1300} INFO - Executing <Task(_PythonDecoratedOperator): create_schema> on 2025-02-21 14:11:48.903658+00:00
[2025-02-21T14:11:49.251+0000] {standard_task_runner.py:55} INFO - Started process 721 to run task
[2025-02-21T14:11:49.253+0000] {standard_task_runner.py:82} INFO - Running: ['***', 'tasks', 'run', 'listenbrainz_dynamic_pipeline', 'create_schema', 'manual__2025-02-21T14:11:48.903658+00:00', '--job-id', '16', '--raw', '--subdir', 'DAGS_FOLDER/listenbrainz_dag.py', '--cfg-path', '/tmp/tmp6n04cs78']
[2025-02-21T14:11:49.253+0000] {standard_task_runner.py:83} INFO - Job 16: Subtask create_schema
[2025-02-21T14:11:49.313+0000] {task_command.py:388} INFO - Running <TaskInstance: listenbrainz_dynamic_pipeline.create_schema manual__2025-02-21T14:11:48.903658+00:00 [running]> on host 5b6f74597018
[2025-02-21T14:11:49.380+0000] {taskinstance.py:1509} INFO - Exporting the following env vars:
AIRFLOW_CTX_DAG_OWNER=***
AIRFLOW_CTX_DAG_ID=listenbrainz_dynamic_pipeline
AIRFLOW_CTX_TASK_ID=create_schema
AIRFLOW_CTX_EXECUTION_DATE=2025-02-21T14:11:48.903658+00:00
AIRFLOW_CTX_TRY_NUMBER=1
AIRFLOW_CTX_DAG_RUN_ID=manual__2025-02-21T14:11:48.903658+00:00
[2025-02-21T14:11:49.448+0000] {listenbrainz_dag.py:61} INFO - Schema created/ensured.
[2025-02-21T14:11:49.448+0000] {python.py:177} INFO - Done. Returned value was: None
[2025-02-21T14:11:49.458+0000] {taskinstance.py:1323} INFO - Marking task as SUCCESS. dag_id=listenbrainz_dynamic_pipeline, task_id=create_schema, execution_date=20250221T141148, start_date=20250221T141149, end_date=20250221T141149
[2025-02-21T14:11:49.504+0000] {local_task_job.py:208} INFO - Task exited with return code 0
[2025-02-21T14:11:49.538+0000] {taskinstance.py:2578} INFO - 1 downstream tasks scheduled from follow-on schedule check
