[2025-02-21T13:18:14.418+0000] {taskinstance.py:1083} INFO - Dependencies all met for <TaskInstance: listenbrainz_pipeline_duckdb_dir.process_directory manual__2025-02-21T13:18:13.730773+00:00 [queued]>
[2025-02-21T13:18:14.424+0000] {taskinstance.py:1083} INFO - Dependencies all met for <TaskInstance: listenbrainz_pipeline_duckdb_dir.process_directory manual__2025-02-21T13:18:13.730773+00:00 [queued]>
[2025-02-21T13:18:14.424+0000] {taskinstance.py:1279} INFO - 
--------------------------------------------------------------------------------
[2025-02-21T13:18:14.424+0000] {taskinstance.py:1280} INFO - Starting attempt 1 of 2
[2025-02-21T13:18:14.424+0000] {taskinstance.py:1281} INFO - 
--------------------------------------------------------------------------------
[2025-02-21T13:18:14.435+0000] {taskinstance.py:1300} INFO - Executing <Task(PythonOperator): process_directory> on 2025-02-21 13:18:13.730773+00:00
[2025-02-21T13:18:14.439+0000] {standard_task_runner.py:55} INFO - Started process 607 to run task
[2025-02-21T13:18:14.440+0000] {standard_task_runner.py:82} INFO - Running: ['***', 'tasks', 'run', 'listenbrainz_pipeline_duckdb_dir', 'process_directory', 'manual__2025-02-21T13:18:13.730773+00:00', '--job-id', '11', '--raw', '--subdir', 'DAGS_FOLDER/listenbrainz_dag.py', '--cfg-path', '/tmp/tmpr24rlfaf']
[2025-02-21T13:18:14.441+0000] {standard_task_runner.py:83} INFO - Job 11: Subtask process_directory
[2025-02-21T13:18:14.494+0000] {task_command.py:388} INFO - Running <TaskInstance: listenbrainz_pipeline_duckdb_dir.process_directory manual__2025-02-21T13:18:13.730773+00:00 [running]> on host 0cdba1bb6470
[2025-02-21T13:18:14.552+0000] {taskinstance.py:1509} INFO - Exporting the following env vars:
AIRFLOW_CTX_DAG_OWNER=***
AIRFLOW_CTX_DAG_ID=listenbrainz_pipeline_duckdb_dir
AIRFLOW_CTX_TASK_ID=process_directory
AIRFLOW_CTX_EXECUTION_DATE=2025-02-21T13:18:13.730773+00:00
AIRFLOW_CTX_TRY_NUMBER=1
AIRFLOW_CTX_DAG_RUN_ID=manual__2025-02-21T13:18:13.730773+00:00
[2025-02-21T13:18:14.683+0000] {listenbrainz_dag.py:148} INFO - Processing file: /data/raw/sample-data-2.json
[2025-02-21T13:18:14.687+0000] {unified_pipeline.py:97} INFO - parse_json_to_csv done. Wrote 8 rows, skipped 0.
[2025-02-21T13:18:14.742+0000] {logging_mixin.py:137} WARNING - /home/***/.local/lib/python3.7/site-packages/pandas/io/sql.py:1809 SAWarning: Did not recognize type 'varchar' of column 'user_id'
[2025-02-21T13:18:14.742+0000] {logging_mixin.py:137} WARNING - /home/***/.local/lib/python3.7/site-packages/pandas/io/sql.py:1809 SAWarning: Did not recognize type 'varchar' of column 'track_id'
[2025-02-21T13:18:14.743+0000] {logging_mixin.py:137} WARNING - /home/***/.local/lib/python3.7/site-packages/pandas/io/sql.py:1809 SAWarning: Did not recognize type 'varchar' of column 'track_name'
[2025-02-21T13:18:14.743+0000] {logging_mixin.py:137} WARNING - /home/***/.local/lib/python3.7/site-packages/pandas/io/sql.py:1809 SAWarning: Did not recognize type 'varchar' of column 'artist_name'
[2025-02-21T13:18:14.754+0000] {logging_mixin.py:137} WARNING - /home/***/.local/lib/python3.7/site-packages/duckdb_engine/__init__.py:183 DuckDBEngineWarning: duckdb-engine doesn't yet support reflection on indices
[2025-02-21T13:18:14.792+0000] {unified_pipeline.py:126} INFO - Chunk 1: inserted 8 rows into stg_listens, total 8.
[2025-02-21T13:18:14.792+0000] {unified_pipeline.py:128} INFO - All chunks inserted into stg_listens. Total 8 rows.
[2025-02-21T13:18:14.792+0000] {unified_pipeline.py:144} INFO - Starting deduplication process.
[2025-02-21T13:18:14.798+0000] {unified_pipeline.py:161} INFO - deduplicate: created stg_listens_dedup from stg_listens in DB.
[2025-02-21T13:18:14.812+0000] {unified_pipeline.py:220} INFO - Upserted dim_user and dim_track tables.
[2025-02-21T13:18:14.826+0000] {unified_pipeline.py:268} INFO - Inserted new listens into fact_listen.
[2025-02-21T13:18:14.826+0000] {listenbrainz_dag.py:148} INFO - Processing file: /data/raw/sample-data.json
[2025-02-21T13:18:19.897+0000] {unified_pipeline.py:97} INFO - parse_json_to_csv done. Wrote 333034 rows, skipped 0.
[2025-02-21T13:18:25.743+0000] {unified_pipeline.py:126} INFO - Chunk 1: inserted 50000 rows into stg_listens, total 50000.
[2025-02-21T13:18:31.527+0000] {unified_pipeline.py:126} INFO - Chunk 2: inserted 50000 rows into stg_listens, total 100000.
[2025-02-21T13:18:31.576+0000] {unified_pipeline.py:126} INFO - Chunk 3: inserted 326 rows into stg_listens, total 100326.
[2025-02-21T13:18:31.577+0000] {unified_pipeline.py:128} INFO - All chunks inserted into stg_listens. Total 100326 rows.
[2025-02-21T13:18:31.577+0000] {unified_pipeline.py:144} INFO - Starting deduplication process.
[2025-02-21T13:18:31.642+0000] {unified_pipeline.py:161} INFO - deduplicate: created stg_listens_dedup from stg_listens in DB.
[2025-02-21T13:18:31.837+0000] {unified_pipeline.py:220} INFO - Upserted dim_user and dim_track tables.
[2025-02-21T13:18:31.873+0000] {unified_pipeline.py:268} INFO - Inserted new listens into fact_listen.
[2025-02-21T13:18:31.873+0000] {listenbrainz_dag.py:154} INFO - All JSON files processed. Final facts table is complete.
[2025-02-21T13:18:31.873+0000] {python.py:177} INFO - Done. Returned value was: None
[2025-02-21T13:18:31.884+0000] {taskinstance.py:1323} INFO - Marking task as SUCCESS. dag_id=listenbrainz_pipeline_duckdb_dir, task_id=process_directory, execution_date=20250221T131813, start_date=20250221T131814, end_date=20250221T131831
[2025-02-21T13:18:31.931+0000] {local_task_job.py:208} INFO - Task exited with return code 0
[2025-02-21T13:18:31.944+0000] {taskinstance.py:2578} INFO - 0 downstream tasks scheduled from follow-on schedule check
