[2025-02-21T14:29:49.839+0000] {taskinstance.py:1083} INFO - Dependencies all met for <TaskInstance: listenbrainz_dynamic_pipeline_sequential.process_file__1.upsert scheduled__2025-01-01T00:00:00+00:00 [queued]>
[2025-02-21T14:29:49.845+0000] {taskinstance.py:1083} INFO - Dependencies all met for <TaskInstance: listenbrainz_dynamic_pipeline_sequential.process_file__1.upsert scheduled__2025-01-01T00:00:00+00:00 [queued]>
[2025-02-21T14:29:49.845+0000] {taskinstance.py:1279} INFO - 
--------------------------------------------------------------------------------
[2025-02-21T14:29:49.845+0000] {taskinstance.py:1280} INFO - Starting attempt 1 of 2
[2025-02-21T14:29:49.846+0000] {taskinstance.py:1281} INFO - 
--------------------------------------------------------------------------------
[2025-02-21T14:29:49.855+0000] {taskinstance.py:1300} INFO - Executing <Task(_PythonDecoratedOperator): process_file__1.upsert> on 2025-01-01 00:00:00+00:00
[2025-02-21T14:29:49.858+0000] {standard_task_runner.py:55} INFO - Started process 527 to run task
[2025-02-21T14:29:49.860+0000] {standard_task_runner.py:82} INFO - Running: ['***', 'tasks', 'run', 'listenbrainz_dynamic_pipeline_sequential', 'process_file__1.upsert', 'scheduled__2025-01-01T00:00:00+00:00', '--job-id', '26', '--raw', '--subdir', 'DAGS_FOLDER/listenbrainz_dag.py', '--cfg-path', '/tmp/tmpvs8pkh_l']
[2025-02-21T14:29:49.861+0000] {standard_task_runner.py:83} INFO - Job 26: Subtask process_file__1.upsert
[2025-02-21T14:29:49.910+0000] {task_command.py:388} INFO - Running <TaskInstance: listenbrainz_dynamic_pipeline_sequential.process_file__1.upsert scheduled__2025-01-01T00:00:00+00:00 [running]> on host 3c1a83f589ff
[2025-02-21T14:29:49.963+0000] {taskinstance.py:1509} INFO - Exporting the following env vars:
AIRFLOW_CTX_DAG_OWNER=***
AIRFLOW_CTX_DAG_ID=listenbrainz_dynamic_pipeline_sequential
AIRFLOW_CTX_TASK_ID=process_file__1.upsert
AIRFLOW_CTX_EXECUTION_DATE=2025-01-01T00:00:00+00:00
AIRFLOW_CTX_TRY_NUMBER=1
AIRFLOW_CTX_DAG_RUN_ID=scheduled__2025-01-01T00:00:00+00:00
[2025-02-21T14:29:50.293+0000] {unified_pipeline.py:220} INFO - Upserted dim_user and dim_track tables.
[2025-02-21T14:29:50.294+0000] {listenbrainz_dag.py:85} INFO - Upserted dimension tables.
[2025-02-21T14:29:50.294+0000] {python.py:177} INFO - Done. Returned value was: None
[2025-02-21T14:29:50.303+0000] {taskinstance.py:1323} INFO - Marking task as SUCCESS. dag_id=listenbrainz_dynamic_pipeline_sequential, task_id=process_file__1.upsert, execution_date=20250101T000000, start_date=20250221T142949, end_date=20250221T142950
[2025-02-21T14:29:50.352+0000] {local_task_job.py:208} INFO - Task exited with return code 0
[2025-02-21T14:29:50.376+0000] {taskinstance.py:2578} INFO - 1 downstream tasks scheduled from follow-on schedule check
