[2025-02-21T00:10:01.714+0000] {taskinstance.py:1083} INFO - Dependencies all met for <TaskInstance: listenbrainz_pipeline_duckdb.deduplicate manual__2025-02-21T00:08:40.066730+00:00 [queued]>
[2025-02-21T00:10:01.726+0000] {taskinstance.py:1083} INFO - Dependencies all met for <TaskInstance: listenbrainz_pipeline_duckdb.deduplicate manual__2025-02-21T00:08:40.066730+00:00 [queued]>
[2025-02-21T00:10:01.727+0000] {taskinstance.py:1279} INFO - 
--------------------------------------------------------------------------------
[2025-02-21T00:10:01.727+0000] {taskinstance.py:1280} INFO - Starting attempt 1 of 2
[2025-02-21T00:10:01.727+0000] {taskinstance.py:1281} INFO - 
--------------------------------------------------------------------------------
[2025-02-21T00:10:01.751+0000] {taskinstance.py:1300} INFO - Executing <Task(PythonOperator): deduplicate> on 2025-02-21 00:08:40.066730+00:00
[2025-02-21T00:10:01.758+0000] {standard_task_runner.py:55} INFO - Started process 304 to run task
[2025-02-21T00:10:01.760+0000] {standard_task_runner.py:82} INFO - Running: ['***', 'tasks', 'run', 'listenbrainz_pipeline_duckdb', 'deduplicate', 'manual__2025-02-21T00:08:40.066730+00:00', '--job-id', '6', '--raw', '--subdir', 'DAGS_FOLDER/listenbrainz_dag.py', '--cfg-path', '/tmp/tmplodmneq3']
[2025-02-21T00:10:01.762+0000] {standard_task_runner.py:83} INFO - Job 6: Subtask deduplicate
[2025-02-21T00:10:01.892+0000] {task_command.py:388} INFO - Running <TaskInstance: listenbrainz_pipeline_duckdb.deduplicate manual__2025-02-21T00:08:40.066730+00:00 [running]> on host d8b2eb3f2b5c
[2025-02-21T00:10:02.083+0000] {taskinstance.py:1509} INFO - Exporting the following env vars:
AIRFLOW_CTX_DAG_OWNER=***
AIRFLOW_CTX_DAG_ID=listenbrainz_pipeline_duckdb
AIRFLOW_CTX_TASK_ID=deduplicate
AIRFLOW_CTX_EXECUTION_DATE=2025-02-21T00:08:40.066730+00:00
AIRFLOW_CTX_TRY_NUMBER=1
AIRFLOW_CTX_DAG_RUN_ID=manual__2025-02-21T00:08:40.066730+00:00
[2025-02-21T00:10:02.522+0000] {logging_mixin.py:137} INFO - deduping
[2025-02-21T00:10:03.385+0000] {unified_pipeline.py:127} INFO - deduplicate: created stg_listens_dedup from stg_listens in DB.
[2025-02-21T00:10:03.386+0000] {python.py:177} INFO - Done. Returned value was: None
[2025-02-21T00:10:03.401+0000] {taskinstance.py:1323} INFO - Marking task as SUCCESS. dag_id=listenbrainz_pipeline_duckdb, task_id=deduplicate, execution_date=20250221T000840, start_date=20250221T001001, end_date=20250221T001003
[2025-02-21T00:10:03.456+0000] {local_task_job.py:208} INFO - Task exited with return code 0
[2025-02-21T00:10:03.527+0000] {taskinstance.py:2578} INFO - 1 downstream tasks scheduled from follow-on schedule check
