[2025-02-21T13:11:29.106+0000] {taskinstance.py:1083} INFO - Dependencies all met for <TaskInstance: listenbrainz_pipeline_duckdb.parse_json manual__2025-02-21T13:11:26.895528+00:00 [queued]>
[2025-02-21T13:11:29.112+0000] {taskinstance.py:1083} INFO - Dependencies all met for <TaskInstance: listenbrainz_pipeline_duckdb.parse_json manual__2025-02-21T13:11:26.895528+00:00 [queued]>
[2025-02-21T13:11:29.113+0000] {taskinstance.py:1279} INFO - 
--------------------------------------------------------------------------------
[2025-02-21T13:11:29.113+0000] {taskinstance.py:1280} INFO - Starting attempt 1 of 2
[2025-02-21T13:11:29.113+0000] {taskinstance.py:1281} INFO - 
--------------------------------------------------------------------------------
[2025-02-21T13:11:29.123+0000] {taskinstance.py:1300} INFO - Executing <Task(PythonOperator): parse_json> on 2025-02-21 13:11:26.895528+00:00
[2025-02-21T13:11:29.127+0000] {standard_task_runner.py:55} INFO - Started process 247 to run task
[2025-02-21T13:11:29.128+0000] {standard_task_runner.py:82} INFO - Running: ['***', 'tasks', 'run', 'listenbrainz_pipeline_duckdb', 'parse_json', 'manual__2025-02-21T13:11:26.895528+00:00', '--job-id', '4', '--raw', '--subdir', 'DAGS_FOLDER/listenbrainz_dag.py', '--cfg-path', '/tmp/tmp5w2449qr']
[2025-02-21T13:11:29.129+0000] {standard_task_runner.py:83} INFO - Job 4: Subtask parse_json
[2025-02-21T13:11:29.180+0000] {task_command.py:388} INFO - Running <TaskInstance: listenbrainz_pipeline_duckdb.parse_json manual__2025-02-21T13:11:26.895528+00:00 [running]> on host 0cdba1bb6470
[2025-02-21T13:11:29.237+0000] {taskinstance.py:1509} INFO - Exporting the following env vars:
AIRFLOW_CTX_DAG_OWNER=***
AIRFLOW_CTX_DAG_ID=listenbrainz_pipeline_duckdb
AIRFLOW_CTX_TASK_ID=parse_json
AIRFLOW_CTX_EXECUTION_DATE=2025-02-21T13:11:26.895528+00:00
AIRFLOW_CTX_TRY_NUMBER=1
AIRFLOW_CTX_DAG_RUN_ID=manual__2025-02-21T13:11:26.895528+00:00
[2025-02-21T13:11:34.231+0000] {unified_pipeline.py:97} INFO - parse_json_to_csv done. Wrote 333034 rows, skipped 0.
[2025-02-21T13:11:34.236+0000] {listenbrainz_dag.py:64} INFO - JSON parsed into CSV.
[2025-02-21T13:11:34.236+0000] {python.py:177} INFO - Done. Returned value was: None
[2025-02-21T13:11:34.247+0000] {taskinstance.py:1323} INFO - Marking task as SUCCESS. dag_id=listenbrainz_pipeline_duckdb, task_id=parse_json, execution_date=20250221T131126, start_date=20250221T131129, end_date=20250221T131134
[2025-02-21T13:11:34.352+0000] {local_task_job.py:208} INFO - Task exited with return code 0
[2025-02-21T13:11:34.375+0000] {taskinstance.py:2578} INFO - 1 downstream tasks scheduled from follow-on schedule check
