[2025-02-21T00:14:56.230+0000] {taskinstance.py:1083} INFO - Dependencies all met for <TaskInstance: listenbrainz_pipeline_duckdb.deduplicate manual__2025-02-21T00:13:34.043637+00:00 [queued]>
[2025-02-21T00:14:56.241+0000] {taskinstance.py:1083} INFO - Dependencies all met for <TaskInstance: listenbrainz_pipeline_duckdb.deduplicate manual__2025-02-21T00:13:34.043637+00:00 [queued]>
[2025-02-21T00:14:56.241+0000] {taskinstance.py:1279} INFO - 
--------------------------------------------------------------------------------
[2025-02-21T00:14:56.241+0000] {taskinstance.py:1280} INFO - Starting attempt 1 of 2
[2025-02-21T00:14:56.241+0000] {taskinstance.py:1281} INFO - 
--------------------------------------------------------------------------------
[2025-02-21T00:14:56.260+0000] {taskinstance.py:1300} INFO - Executing <Task(PythonOperator): deduplicate> on 2025-02-21 00:13:34.043637+00:00
[2025-02-21T00:14:56.267+0000] {standard_task_runner.py:55} INFO - Started process 310 to run task
[2025-02-21T00:14:56.270+0000] {standard_task_runner.py:82} INFO - Running: ['***', 'tasks', 'run', 'listenbrainz_pipeline_duckdb', 'deduplicate', 'manual__2025-02-21T00:13:34.043637+00:00', '--job-id', '6', '--raw', '--subdir', 'DAGS_FOLDER/listenbrainz_dag.py', '--cfg-path', '/tmp/tmp5bg98puo']
[2025-02-21T00:14:56.271+0000] {standard_task_runner.py:83} INFO - Job 6: Subtask deduplicate
[2025-02-21T00:14:56.382+0000] {task_command.py:388} INFO - Running <TaskInstance: listenbrainz_pipeline_duckdb.deduplicate manual__2025-02-21T00:13:34.043637+00:00 [running]> on host 2f3c21c21995
[2025-02-21T00:14:56.481+0000] {taskinstance.py:1509} INFO - Exporting the following env vars:
AIRFLOW_CTX_DAG_OWNER=***
AIRFLOW_CTX_DAG_ID=listenbrainz_pipeline_duckdb
AIRFLOW_CTX_TASK_ID=deduplicate
AIRFLOW_CTX_EXECUTION_DATE=2025-02-21T00:13:34.043637+00:00
AIRFLOW_CTX_TRY_NUMBER=1
AIRFLOW_CTX_DAG_RUN_ID=manual__2025-02-21T00:13:34.043637+00:00
[2025-02-21T00:14:56.918+0000] {logging_mixin.py:137} INFO - deduping
[2025-02-21T00:14:57.806+0000] {unified_pipeline.py:127} INFO - deduplicate: created stg_listens_dedup from stg_listens in DB.
[2025-02-21T00:14:57.806+0000] {python.py:177} INFO - Done. Returned value was: None
[2025-02-21T00:14:57.824+0000] {taskinstance.py:1323} INFO - Marking task as SUCCESS. dag_id=listenbrainz_pipeline_duckdb, task_id=deduplicate, execution_date=20250221T001334, start_date=20250221T001456, end_date=20250221T001457
[2025-02-21T00:14:57.885+0000] {local_task_job.py:208} INFO - Task exited with return code 0
[2025-02-21T00:14:57.964+0000] {taskinstance.py:2578} INFO - 0 downstream tasks scheduled from follow-on schedule check
