[2025-02-21T13:11:35.076+0000] {taskinstance.py:1083} INFO - Dependencies all met for <TaskInstance: listenbrainz_pipeline_duckdb.load_csv manual__2025-02-21T13:11:26.895528+00:00 [queued]>
[2025-02-21T13:11:35.082+0000] {taskinstance.py:1083} INFO - Dependencies all met for <TaskInstance: listenbrainz_pipeline_duckdb.load_csv manual__2025-02-21T13:11:26.895528+00:00 [queued]>
[2025-02-21T13:11:35.082+0000] {taskinstance.py:1279} INFO - 
--------------------------------------------------------------------------------
[2025-02-21T13:11:35.083+0000] {taskinstance.py:1280} INFO - Starting attempt 1 of 2
[2025-02-21T13:11:35.083+0000] {taskinstance.py:1281} INFO - 
--------------------------------------------------------------------------------
[2025-02-21T13:11:35.093+0000] {taskinstance.py:1300} INFO - Executing <Task(PythonOperator): load_csv> on 2025-02-21 13:11:26.895528+00:00
[2025-02-21T13:11:35.098+0000] {standard_task_runner.py:55} INFO - Started process 250 to run task
[2025-02-21T13:11:35.099+0000] {standard_task_runner.py:82} INFO - Running: ['***', 'tasks', 'run', 'listenbrainz_pipeline_duckdb', 'load_csv', 'manual__2025-02-21T13:11:26.895528+00:00', '--job-id', '5', '--raw', '--subdir', 'DAGS_FOLDER/listenbrainz_dag.py', '--cfg-path', '/tmp/tmpqc4qtmln']
[2025-02-21T13:11:35.100+0000] {standard_task_runner.py:83} INFO - Job 5: Subtask load_csv
[2025-02-21T13:11:35.152+0000] {task_command.py:388} INFO - Running <TaskInstance: listenbrainz_pipeline_duckdb.load_csv manual__2025-02-21T13:11:26.895528+00:00 [running]> on host 0cdba1bb6470
[2025-02-21T13:11:35.211+0000] {taskinstance.py:1509} INFO - Exporting the following env vars:
AIRFLOW_CTX_DAG_OWNER=***
AIRFLOW_CTX_DAG_ID=listenbrainz_pipeline_duckdb
AIRFLOW_CTX_TASK_ID=load_csv
AIRFLOW_CTX_EXECUTION_DATE=2025-02-21T13:11:26.895528+00:00
AIRFLOW_CTX_TRY_NUMBER=1
AIRFLOW_CTX_DAG_RUN_ID=manual__2025-02-21T13:11:26.895528+00:00
[2025-02-21T13:11:35.464+0000] {logging_mixin.py:137} WARNING - /home/***/.local/lib/python3.7/site-packages/pandas/io/sql.py:1809 SAWarning: Did not recognize type 'varchar' of column 'user_id'
[2025-02-21T13:11:35.465+0000] {logging_mixin.py:137} WARNING - /home/***/.local/lib/python3.7/site-packages/pandas/io/sql.py:1809 SAWarning: Did not recognize type 'varchar' of column 'track_id'
[2025-02-21T13:11:35.465+0000] {logging_mixin.py:137} WARNING - /home/***/.local/lib/python3.7/site-packages/pandas/io/sql.py:1809 SAWarning: Did not recognize type 'varchar' of column 'track_name'
[2025-02-21T13:11:35.466+0000] {logging_mixin.py:137} WARNING - /home/***/.local/lib/python3.7/site-packages/pandas/io/sql.py:1809 SAWarning: Did not recognize type 'varchar' of column 'artist_name'
[2025-02-21T13:11:35.475+0000] {logging_mixin.py:137} WARNING - /home/***/.local/lib/python3.7/site-packages/duckdb_engine/__init__.py:183 DuckDBEngineWarning: duckdb-engine doesn't yet support reflection on indices
[2025-02-21T13:11:41.141+0000] {unified_pipeline.py:126} INFO - Chunk 1: inserted 50000 rows into stg_listens, total 50000.
[2025-02-21T13:11:46.823+0000] {unified_pipeline.py:126} INFO - Chunk 2: inserted 50000 rows into stg_listens, total 100000.
[2025-02-21T13:11:52.632+0000] {unified_pipeline.py:126} INFO - Chunk 3: inserted 50000 rows into stg_listens, total 150000.
[2025-02-21T13:11:58.382+0000] {unified_pipeline.py:126} INFO - Chunk 4: inserted 50000 rows into stg_listens, total 200000.
[2025-02-21T13:12:04.093+0000] {unified_pipeline.py:126} INFO - Chunk 5: inserted 50000 rows into stg_listens, total 250000.
[2025-02-21T13:12:09.984+0000] {unified_pipeline.py:126} INFO - Chunk 6: inserted 50000 rows into stg_listens, total 300000.
[2025-02-21T13:12:13.669+0000] {unified_pipeline.py:126} INFO - Chunk 7: inserted 33034 rows into stg_listens, total 333034.
[2025-02-21T13:12:13.669+0000] {unified_pipeline.py:128} INFO - All chunks inserted into stg_listens. Total 333034 rows.
[2025-02-21T13:12:13.670+0000] {listenbrainz_dag.py:73} INFO - CSV loaded into staging table.
[2025-02-21T13:12:13.670+0000] {python.py:177} INFO - Done. Returned value was: None
[2025-02-21T13:12:13.680+0000] {taskinstance.py:1323} INFO - Marking task as SUCCESS. dag_id=listenbrainz_pipeline_duckdb, task_id=load_csv, execution_date=20250221T131126, start_date=20250221T131135, end_date=20250221T131213
[2025-02-21T13:12:13.735+0000] {local_task_job.py:208} INFO - Task exited with return code 0
[2025-02-21T13:12:13.756+0000] {taskinstance.py:2578} INFO - 1 downstream tasks scheduled from follow-on schedule check
