[2025-02-21T14:14:11.056+0000] {taskinstance.py:1083} INFO - Dependencies all met for <TaskInstance: listenbrainz_dynamic_pipeline.process_file.insert_fact manual__2025-02-21T14:11:48.903658+00:00 map_index=0 [queued]>
[2025-02-21T14:14:11.065+0000] {taskinstance.py:1083} INFO - Dependencies all met for <TaskInstance: listenbrainz_dynamic_pipeline.process_file.insert_fact manual__2025-02-21T14:11:48.903658+00:00 map_index=0 [queued]>
[2025-02-21T14:14:11.066+0000] {taskinstance.py:1279} INFO - 
--------------------------------------------------------------------------------
[2025-02-21T14:14:11.066+0000] {taskinstance.py:1280} INFO - Starting attempt 1 of 2
[2025-02-21T14:14:11.066+0000] {taskinstance.py:1281} INFO - 
--------------------------------------------------------------------------------
[2025-02-21T14:14:11.077+0000] {taskinstance.py:1300} INFO - Executing <Task(_PythonDecoratedOperator): process_file.insert_fact> on 2025-02-21 14:11:48.903658+00:00
[2025-02-21T14:14:11.080+0000] {standard_task_runner.py:55} INFO - Started process 1236 to run task
[2025-02-21T14:14:11.082+0000] {standard_task_runner.py:82} INFO - Running: ['***', 'tasks', 'run', 'listenbrainz_dynamic_pipeline', 'process_file.insert_fact', 'manual__2025-02-21T14:11:48.903658+00:00', '--job-id', '30', '--raw', '--subdir', 'DAGS_FOLDER/listenbrainz_dag.py', '--cfg-path', '/tmp/tmpicpuymxt', '--map-index', '0']
[2025-02-21T14:14:11.083+0000] {standard_task_runner.py:83} INFO - Job 30: Subtask process_file.insert_fact
[2025-02-21T14:14:11.135+0000] {task_command.py:388} INFO - Running <TaskInstance: listenbrainz_dynamic_pipeline.process_file.insert_fact manual__2025-02-21T14:11:48.903658+00:00 map_index=0 [running]> on host 5b6f74597018
[2025-02-21T14:14:11.195+0000] {taskinstance.py:1509} INFO - Exporting the following env vars:
AIRFLOW_CTX_DAG_OWNER=***
AIRFLOW_CTX_DAG_ID=listenbrainz_dynamic_pipeline
AIRFLOW_CTX_TASK_ID=process_file.insert_fact
AIRFLOW_CTX_EXECUTION_DATE=2025-02-21T14:11:48.903658+00:00
AIRFLOW_CTX_TRY_NUMBER=1
AIRFLOW_CTX_DAG_RUN_ID=manual__2025-02-21T14:11:48.903658+00:00
[2025-02-21T14:14:11.543+0000] {unified_pipeline.py:268} INFO - Inserted new listens into fact_listen.
[2025-02-21T14:14:11.544+0000] {listenbrainz_dag.py:111} INFO - Inserted fact records.
[2025-02-21T14:14:11.544+0000] {python.py:177} INFO - Done. Returned value was: None
[2025-02-21T14:14:11.553+0000] {taskinstance.py:1323} INFO - Marking task as SUCCESS. dag_id=listenbrainz_dynamic_pipeline, task_id=process_file.insert_fact, map_index=0, execution_date=20250221T141148, start_date=20250221T141411, end_date=20250221T141411
[2025-02-21T14:14:11.615+0000] {local_task_job.py:208} INFO - Task exited with return code 0
[2025-02-21T14:14:11.629+0000] {taskinstance.py:2578} INFO - 0 downstream tasks scheduled from follow-on schedule check
