[2025-02-20T23:48:44.490+0000] {taskinstance.py:1083} INFO - Dependencies all met for <TaskInstance: listenbrainz_pipeline_duckdb.create_schema manual__2025-02-20T23:48:43.444475+00:00 [queued]>
[2025-02-20T23:48:44.501+0000] {taskinstance.py:1083} INFO - Dependencies all met for <TaskInstance: listenbrainz_pipeline_duckdb.create_schema manual__2025-02-20T23:48:43.444475+00:00 [queued]>
[2025-02-20T23:48:44.501+0000] {taskinstance.py:1279} INFO - 
--------------------------------------------------------------------------------
[2025-02-20T23:48:44.502+0000] {taskinstance.py:1280} INFO - Starting attempt 1 of 2
[2025-02-20T23:48:44.502+0000] {taskinstance.py:1281} INFO - 
--------------------------------------------------------------------------------
[2025-02-20T23:48:44.519+0000] {taskinstance.py:1300} INFO - Executing <Task(PythonOperator): create_schema> on 2025-02-20 23:48:43.444475+00:00
[2025-02-20T23:48:44.527+0000] {standard_task_runner.py:55} INFO - Started process 193 to run task
[2025-02-20T23:48:44.529+0000] {standard_task_runner.py:82} INFO - Running: ['***', 'tasks', 'run', 'listenbrainz_pipeline_duckdb', 'create_schema', 'manual__2025-02-20T23:48:43.444475+00:00', '--job-id', '3', '--raw', '--subdir', 'DAGS_FOLDER/listenbrainz_dag.py', '--cfg-path', '/tmp/tmpx4uvbkff']
[2025-02-20T23:48:44.531+0000] {standard_task_runner.py:83} INFO - Job 3: Subtask create_schema
[2025-02-20T23:48:44.618+0000] {task_command.py:388} INFO - Running <TaskInstance: listenbrainz_pipeline_duckdb.create_schema manual__2025-02-20T23:48:43.444475+00:00 [running]> on host 8fc7d7ce9abe
[2025-02-20T23:48:44.743+0000] {taskinstance.py:1509} INFO - Exporting the following env vars:
AIRFLOW_CTX_DAG_OWNER=***
AIRFLOW_CTX_DAG_ID=listenbrainz_pipeline_duckdb
AIRFLOW_CTX_TASK_ID=create_schema
AIRFLOW_CTX_EXECUTION_DATE=2025-02-20T23:48:43.444475+00:00
AIRFLOW_CTX_TRY_NUMBER=1
AIRFLOW_CTX_DAG_RUN_ID=manual__2025-02-20T23:48:43.444475+00:00
[2025-02-20T23:48:45.012+0000] {listenbrainz_dag.py:43} INFO - Schema created.
[2025-02-20T23:48:45.012+0000] {python.py:177} INFO - Done. Returned value was: None
[2025-02-20T23:48:45.028+0000] {taskinstance.py:1323} INFO - Marking task as SUCCESS. dag_id=listenbrainz_pipeline_duckdb, task_id=create_schema, execution_date=20250220T234843, start_date=20250220T234844, end_date=20250220T234845
[2025-02-20T23:48:45.062+0000] {local_task_job.py:208} INFO - Task exited with return code 0
[2025-02-20T23:48:45.103+0000] {taskinstance.py:2578} INFO - 0 downstream tasks scheduled from follow-on schedule check
