[2025-02-21T14:29:50.933+0000] {taskinstance.py:1083} INFO - Dependencies all met for <TaskInstance: listenbrainz_dynamic_pipeline_sequential.process_file__1.insert_fact scheduled__2025-01-01T00:00:00+00:00 [queued]>
[2025-02-21T14:29:50.940+0000] {taskinstance.py:1083} INFO - Dependencies all met for <TaskInstance: listenbrainz_dynamic_pipeline_sequential.process_file__1.insert_fact scheduled__2025-01-01T00:00:00+00:00 [queued]>
[2025-02-21T14:29:50.940+0000] {taskinstance.py:1279} INFO - 
--------------------------------------------------------------------------------
[2025-02-21T14:29:50.940+0000] {taskinstance.py:1280} INFO - Starting attempt 1 of 2
[2025-02-21T14:29:50.940+0000] {taskinstance.py:1281} INFO - 
--------------------------------------------------------------------------------
[2025-02-21T14:29:50.950+0000] {taskinstance.py:1300} INFO - Executing <Task(_PythonDecoratedOperator): process_file__1.insert_fact> on 2025-01-01 00:00:00+00:00
[2025-02-21T14:29:50.953+0000] {standard_task_runner.py:55} INFO - Started process 575 to run task
[2025-02-21T14:29:50.955+0000] {standard_task_runner.py:82} INFO - Running: ['***', 'tasks', 'run', 'listenbrainz_dynamic_pipeline_sequential', 'process_file__1.insert_fact', 'scheduled__2025-01-01T00:00:00+00:00', '--job-id', '27', '--raw', '--subdir', 'DAGS_FOLDER/listenbrainz_dag.py', '--cfg-path', '/tmp/tmp889wuzsi']
[2025-02-21T14:29:50.955+0000] {standard_task_runner.py:83} INFO - Job 27: Subtask process_file__1.insert_fact
[2025-02-21T14:29:51.004+0000] {task_command.py:388} INFO - Running <TaskInstance: listenbrainz_dynamic_pipeline_sequential.process_file__1.insert_fact scheduled__2025-01-01T00:00:00+00:00 [running]> on host 3c1a83f589ff
[2025-02-21T14:29:51.059+0000] {taskinstance.py:1509} INFO - Exporting the following env vars:
AIRFLOW_CTX_DAG_OWNER=***
AIRFLOW_CTX_DAG_ID=listenbrainz_dynamic_pipeline_sequential
AIRFLOW_CTX_TASK_ID=process_file__1.insert_fact
AIRFLOW_CTX_EXECUTION_DATE=2025-01-01T00:00:00+00:00
AIRFLOW_CTX_TRY_NUMBER=1
AIRFLOW_CTX_DAG_RUN_ID=scheduled__2025-01-01T00:00:00+00:00
[2025-02-21T14:29:51.396+0000] {unified_pipeline.py:268} INFO - Inserted new listens into fact_listen.
[2025-02-21T14:29:51.397+0000] {listenbrainz_dag.py:92} INFO - Inserted fact records.
[2025-02-21T14:29:51.397+0000] {python.py:177} INFO - Done. Returned value was: None
[2025-02-21T14:29:51.407+0000] {taskinstance.py:1323} INFO - Marking task as SUCCESS. dag_id=listenbrainz_dynamic_pipeline_sequential, task_id=process_file__1.insert_fact, execution_date=20250101T000000, start_date=20250221T142950, end_date=20250221T142951
[2025-02-21T14:29:51.447+0000] {local_task_job.py:208} INFO - Task exited with return code 0
[2025-02-21T14:29:51.470+0000] {taskinstance.py:2578} INFO - 1 downstream tasks scheduled from follow-on schedule check
