[2025-02-21T14:37:55.021+0000] {taskinstance.py:1083} INFO - Dependencies all met for <TaskInstance: listenbrainz_dynamic_pipeline_sequential.process_file__1.dedup manual__2025-02-21T14:37:01.493020+00:00 [queued]>
[2025-02-21T14:37:55.034+0000] {taskinstance.py:1083} INFO - Dependencies all met for <TaskInstance: listenbrainz_dynamic_pipeline_sequential.process_file__1.dedup manual__2025-02-21T14:37:01.493020+00:00 [queued]>
[2025-02-21T14:37:55.034+0000] {taskinstance.py:1279} INFO - 
--------------------------------------------------------------------------------
[2025-02-21T14:37:55.035+0000] {taskinstance.py:1280} INFO - Starting attempt 1 of 2
[2025-02-21T14:37:55.035+0000] {taskinstance.py:1281} INFO - 
--------------------------------------------------------------------------------
[2025-02-21T14:37:55.053+0000] {taskinstance.py:1300} INFO - Executing <Task(_PythonDecoratedOperator): process_file__1.dedup> on 2025-02-21 14:37:01.493020+00:00
[2025-02-21T14:37:55.060+0000] {standard_task_runner.py:55} INFO - Started process 1632 to run task
[2025-02-21T14:37:55.062+0000] {standard_task_runner.py:82} INFO - Running: ['***', 'tasks', 'run', 'listenbrainz_dynamic_pipeline_sequential', 'process_file__1.dedup', 'manual__2025-02-21T14:37:01.493020+00:00', '--job-id', '52', '--raw', '--subdir', 'DAGS_FOLDER/listenbrainz_dag.py', '--cfg-path', '/tmp/tmp8z8vjaxx']
[2025-02-21T14:37:55.064+0000] {standard_task_runner.py:83} INFO - Job 52: Subtask process_file__1.dedup
[2025-02-21T14:37:55.119+0000] {task_command.py:388} INFO - Running <TaskInstance: listenbrainz_dynamic_pipeline_sequential.process_file__1.dedup manual__2025-02-21T14:37:01.493020+00:00 [running]> on host 3c1a83f589ff
[2025-02-21T14:37:55.176+0000] {taskinstance.py:1509} INFO - Exporting the following env vars:
AIRFLOW_CTX_DAG_OWNER=***
AIRFLOW_CTX_DAG_ID=listenbrainz_dynamic_pipeline_sequential
AIRFLOW_CTX_TASK_ID=process_file__1.dedup
AIRFLOW_CTX_EXECUTION_DATE=2025-02-21T14:37:01.493020+00:00
AIRFLOW_CTX_TRY_NUMBER=1
AIRFLOW_CTX_DAG_RUN_ID=manual__2025-02-21T14:37:01.493020+00:00
[2025-02-21T14:37:55.562+0000] {unified_pipeline.py:144} INFO - Starting deduplication process.
[2025-02-21T14:37:56.112+0000] {unified_pipeline.py:161} INFO - deduplicate: created stg_listens_dedup from stg_listens in DB.
[2025-02-21T14:37:56.112+0000] {listenbrainz_dag.py:78} INFO - Deduplicated staging data.
[2025-02-21T14:37:56.112+0000] {python.py:177} INFO - Done. Returned value was: None
[2025-02-21T14:37:56.123+0000] {taskinstance.py:1323} INFO - Marking task as SUCCESS. dag_id=listenbrainz_dynamic_pipeline_sequential, task_id=process_file__1.dedup, execution_date=20250221T143701, start_date=20250221T143755, end_date=20250221T143756
[2025-02-21T14:37:56.156+0000] {local_task_job.py:208} INFO - Task exited with return code 0
[2025-02-21T14:37:56.180+0000] {taskinstance.py:2578} INFO - 1 downstream tasks scheduled from follow-on schedule check
